2020-01-21 00:42:34 - Starting App on DESKTOP-T7EOC95 with PID 29356 (C:\Springlibrary\springLibrary\server\target\classes started by haiam in C:\Springlibrary\springLibrary)
2020-01-21 00:42:34 - No active profile set, falling back to default profiles: default
2020-01-21 00:42:34 - Refreshing org.springframework.boot.web.servlet.context.AnnotationConfigServletWebServerApplicationContext@8bfd423: startup date [Tue Jan 21 00:42:34 EET 2020]; root of context hierarchy
2020-01-21 00:42:35 - Bean 'org.springframework.amqp.rabbit.annotation.RabbitBootstrapConfiguration' of type [org.springframework.amqp.rabbit.annotation.RabbitBootstrapConfiguration$$EnhancerBySpringCGLIB$$dc2600d8] is not eligible for getting processed by all BeanPostProcessors (for example: not eligible for auto-proxying)
2020-01-21 00:42:35 - Bean 'org.springframework.transaction.annotation.ProxyTransactionManagementConfiguration' of type [org.springframework.transaction.annotation.ProxyTransactionManagementConfiguration$$EnhancerBySpringCGLIB$$15ba42aa] is not eligible for getting processed by all BeanPostProcessors (for example: not eligible for auto-proxying)
2020-01-21 00:42:35 - Tomcat initialized with port(s): 8080 (http)
2020-01-21 00:42:35 - Initializing ProtocolHandler ["http-nio-8080"]
2020-01-21 00:42:35 - Starting service [Tomcat]
2020-01-21 00:42:35 - Starting Servlet Engine: Apache Tomcat/8.5.28
2020-01-21 00:42:35 - The APR based Apache Tomcat Native library which allows optimal performance in production environments was not found on the java.library.path: [C:\Program Files\Java\jdk1.8.0_171\bin;C:\WINDOWS\Sun\Java\bin;C:\WINDOWS\system32;C:\WINDOWS;C:\Program Files\Docker\Docker\Resources\bin;C:\Program Files (x86)\Common Files\Oracle\Java\javapath;C:\WINDOWS\system32;C:\WINDOWS;C:\WINDOWS\System32\Wbem;C:\WINDOWS\System32\WindowsPowerShell\v1.0\;C:\Program Files\Java\jdk1.8.0_171\bin;C:\maven\bin;C:\maven\bin;C:\Program Files\Git\cmd;C:\Program Files\nodejs\;C:\WINDOWS\System32\OpenSSH\;C:\PostgreSQL\pg10\bin;C:\Program Files (x86)\QuickTime\QTSystem\;C:\Users\haiam\AppData\Local\Programs\Python\Python37-32\Scripts\;C:\Users\haiam\AppData\Local\Programs\Python\Python37-32\;C:\Users\haiam\AppData\Local\Microsoft\WindowsApps;C:\Program Files\Microsoft VS Code\bin;C:\Users\haiam\AppData\Roaming\npm;C:\Users\haiam\AppData\Local\GitHubDesktop\bin;C:\Users\haiam\AppData\Local\Microsoft\WindowsApps;;C:\Program Files\Docker Toolbox;.]
2020-01-21 00:42:35 - Initializing Spring embedded WebApplicationContext
2020-01-21 00:42:35 - Root WebApplicationContext: initialization completed in 1382 ms
2020-01-21 00:42:35 - Servlet dispatcherServlet mapped to [/]
2020-01-21 00:42:35 - Mapping filter: 'characterEncodingFilter' to: [/*]
2020-01-21 00:42:35 - Mapping filter: 'hiddenHttpMethodFilter' to: [/*]
2020-01-21 00:42:35 - Mapping filter: 'httpPutFormContentFilter' to: [/*]
2020-01-21 00:42:35 - Mapping filter: 'requestContextFilter' to: [/*]
2020-01-21 00:42:35 - HikariPool-1 - Starting...
2020-01-21 00:42:37 - HikariPool-1 - Start completed.
2020-01-21 00:42:37 - Building JPA container EntityManagerFactory for persistence unit 'default'
2020-01-21 00:42:37 - HHH000204: Processing PersistenceUnitInfo [
	name: default
	...]
2020-01-21 00:42:37 - HHH000412: Hibernate Core {5.2.10.Final}
2020-01-21 00:42:37 - HHH000206: hibernate.properties not found
2020-01-21 00:42:37 - HCANN000001: Hibernate Commons Annotations {5.0.1.Final}
2020-01-21 00:42:37 - HHH000400: Using dialect: org.hibernate.dialect.MySQL5Dialect
2020-01-21 00:42:38 - Initialized JPA EntityManagerFactory for persistence unit 'default'
2020-01-21 00:42:38 - HHH000397: Using ASTQueryTranslatorFactory
2020-01-21 00:42:39 - Looking for @ControllerAdvice: org.springframework.boot.web.servlet.context.AnnotationConfigServletWebServerApplicationContext@8bfd423: startup date [Tue Jan 21 00:42:34 EET 2020]; root of context hierarchy
2020-01-21 00:42:39 - spring.jpa.open-in-view is enabled by default. Therefore, database queries may be performed during view rendering. Explicitly configure spring.jpa.open-in-view to disable this warning
2020-01-21 00:42:39 - Mapped "{[/author/delete],methods=[POST]}" onto public org.springframework.http.ResponseEntity<?> springLibrary.controller.AuthorController.delete(springLibrary.model.request.AuthorRequest)
2020-01-21 00:42:39 - Mapped "{[/addauthor/save],methods=[POST]}" onto org.springframework.http.ResponseEntity<?> springLibrary.controller.AuthorController.save(springLibrary.model.request.AuthorRequest)
2020-01-21 00:42:39 - Mapped "{[/author/findbycharacter],methods=[GET]}" onto public java.util.List<springLibrary.model.response.AuthorResponse> springLibrary.controller.AuthorController.getAuthorByCharacter(java.lang.String)
2020-01-21 00:42:39 - Mapped "{[/author/{id}],methods=[GET]}" onto public org.springframework.http.ResponseEntity<?> springLibrary.controller.AuthorController.getAuthorById(java.lang.Long)
2020-01-21 00:42:39 - Mapped "{[/author/findbyname],methods=[GET]}" onto public java.util.List<springLibrary.model.response.AuthorResponse> springLibrary.controller.AuthorController.getAuthorsByName(java.lang.String)
2020-01-21 00:42:39 - Mapped "{[/getbybook/{id}],methods=[GET]}" onto public java.util.List<springLibrary.model.response.AuthorResponse> springLibrary.controller.AuthorController.getAuthorsByBook(java.lang.Long)
2020-01-21 00:42:39 - Mapped "{[/authors],methods=[GET]}" onto public org.springframework.http.ResponseEntity<java.util.List<springLibrary.model.response.AuthorResponse>> springLibrary.controller.AuthorController.authors()
2020-01-21 00:42:39 - Mapped "{[/book/delete],methods=[POST]}" onto public org.springframework.http.ResponseEntity<?> springLibrary.controller.BookController.delete(springLibrary.model.request.BookRequest)
2020-01-21 00:42:39 - Mapped "{[/books/save],methods=[POST]}" onto public org.springframework.http.ResponseEntity<?> springLibrary.controller.BookController.save(springLibrary.model.request.BookRequest)
2020-01-21 00:42:39 - Mapped "{[/books/{id}],methods=[GET]}" onto public org.springframework.http.ResponseEntity<?> springLibrary.controller.BookController.configure(java.lang.Long)
2020-01-21 00:42:39 - Mapped "{[/book/findbycharacter],methods=[GET]}" onto public java.util.List<springLibrary.model.response.BookResponse> springLibrary.controller.BookController.getBookByCharacter(java.lang.String)
2020-01-21 00:42:39 - Mapped "{[/getbypublisher/{id}],methods=[GET]}" onto public java.util.List<springLibrary.model.response.BookResponse> springLibrary.controller.BookController.getBooksByPublisher(java.lang.Long)
2020-01-21 00:42:39 - Mapped "{[/books],methods=[GET]}" onto public org.springframework.http.ResponseEntity<java.util.List<springLibrary.model.response.BookResponse>> springLibrary.controller.BookController.books()
2020-01-21 00:42:39 - Mapped "{[/book/findbycriteria],methods=[POST]}" onto public org.springframework.http.ResponseEntity<java.util.List<springLibrary.model.response.BookResponse>> springLibrary.controller.BookController.findBooks(springLibrary.model.request.CriteriaRequest)
2020-01-21 00:42:39 - Mapped "{[/getbygenre/{id}],methods=[GET]}" onto public java.util.List<springLibrary.model.response.BookResponse> springLibrary.controller.BookController.findByGenreBooks(java.lang.Long)
2020-01-21 00:42:39 - Mapped "{[/book/findbyname],methods=[GET]}" onto public java.util.List<springLibrary.entities.Book> springLibrary.controller.BookController.getBookByName()
2020-01-21 00:42:39 - Mapped "{[/getbyauthor/{id}],methods=[GET]}" onto public java.util.List<springLibrary.model.response.BookResponse> springLibrary.controller.BookController.getBooksByAuthor(java.lang.Long)
2020-01-21 00:42:39 - Mapped "{[/genre/delete],methods=[POST]}" onto public org.springframework.http.ResponseEntity<?> springLibrary.controller.GenreController.delete(springLibrary.model.request.GenreRequest)
2020-01-21 00:42:39 - Mapped "{[/addgenre/save],methods=[POST]}" onto org.springframework.http.ResponseEntity<?> springLibrary.controller.GenreController.save(springLibrary.model.request.GenreRequest)
2020-01-21 00:42:39 - Mapped "{[/genre/{id}],methods=[GET]}" onto public org.springframework.http.ResponseEntity<?> springLibrary.controller.GenreController.configure(java.lang.Long)
2020-01-21 00:42:39 - Mapped "{[/booksbygenres],methods=[GET]}" onto public org.springframework.http.ResponseEntity<java.util.List<springLibrary.model.response.GenreResponse>> springLibrary.controller.GenreController.genres()
2020-01-21 00:42:39 - Mapped "{[/publisher/delete],methods=[POST]}" onto public org.springframework.http.ResponseEntity<?> springLibrary.controller.PublisherController.delete(springLibrary.model.request.PublisherRequest)
2020-01-21 00:42:39 - Mapped "{[/addpublisher/save],methods=[POST]}" onto org.springframework.http.ResponseEntity<?> springLibrary.controller.PublisherController.save(springLibrary.model.request.PublisherRequest)
2020-01-21 00:42:39 - Mapped "{[/publisher/{id}],methods=[GET]}" onto public org.springframework.http.ResponseEntity<?> springLibrary.controller.PublisherController.configure(java.lang.Long)
2020-01-21 00:42:39 - Mapped "{[/publisher/findbycharacter],methods=[GET]}" onto public java.util.List<springLibrary.model.response.PublisherResponse> springLibrary.controller.PublisherController.getPublisherByCharacter(java.lang.String)
2020-01-21 00:42:39 - Mapped "{[/booksbypublisher],methods=[GET]}" onto public org.springframework.http.ResponseEntity<java.util.List<springLibrary.model.response.PublisherResponse>> springLibrary.controller.PublisherController.publishers()
2020-01-21 00:42:39 - Mapped "{[/publisher/findbycriteria],methods=[POST]}" onto public org.springframework.http.ResponseEntity<java.util.List<springLibrary.model.response.PublisherResponse>> springLibrary.controller.PublisherController.findPublishers(springLibrary.model.request.PublisherSearchCreateria)
2020-01-21 00:42:39 - Mapped "{[/error]}" onto public org.springframework.http.ResponseEntity<java.util.Map<java.lang.String, java.lang.Object>> org.springframework.boot.autoconfigure.web.servlet.error.BasicErrorController.error(javax.servlet.http.HttpServletRequest)
2020-01-21 00:42:39 - Mapped "{[/error],produces=[text/html]}" onto public org.springframework.web.servlet.ModelAndView org.springframework.boot.autoconfigure.web.servlet.error.BasicErrorController.errorHtml(javax.servlet.http.HttpServletRequest,javax.servlet.http.HttpServletResponse)
2020-01-21 00:42:39 - Mapped URL path [/webjars/**] onto handler of type [class org.springframework.web.servlet.resource.ResourceHttpRequestHandler]
2020-01-21 00:42:39 - Mapped URL path [/**] onto handler of type [class org.springframework.web.servlet.resource.ResourceHttpRequestHandler]
2020-01-21 00:42:39 - Mapped URL path [/**/favicon.ico] onto handler of type [class org.springframework.web.servlet.resource.ResourceHttpRequestHandler]
2020-01-21 00:42:39 - Cannot find template location: classpath:/templates/ (please add some templates or check your Thymeleaf configuration)
2020-01-21 00:42:39 - SpringTemplateLoader for FreeMarker: using resource loader [org.springframework.boot.web.servlet.context.AnnotationConfigServletWebServerApplicationContext@8bfd423: startup date [Tue Jan 21 00:42:34 EET 2020]; root of context hierarchy] and template loader path [classpath:/templates/]
2020-01-21 00:42:39 - ClassTemplateLoader for Spring macros added to FreeMarker configuration
2020-01-21 00:42:39 - Cannot find template location(s): [classpath:/templates/] (please add some templates, check your FreeMarker configuration, or set spring.freemarker.checkTemplateLocation=false)
2020-01-21 00:42:39 - LiveReload server is running on port 35729
2020-01-21 00:42:39 - Registering beans for JMX exposure on startup
2020-01-21 00:42:39 - Bean with name 'dataSource' has been autodetected for JMX exposure
2020-01-21 00:42:39 - Bean with name 'rabbitConnectionFactory' has been autodetected for JMX exposure
2020-01-21 00:42:39 - Located MBean 'dataSource': registering with JMX server as MBean [com.zaxxer.hikari:name=dataSource,type=HikariDataSource]
2020-01-21 00:42:39 - Located managed bean 'rabbitConnectionFactory': registering with JMX server as MBean [org.springframework.amqp.rabbit.connection:name=rabbitConnectionFactory,type=CachingConnectionFactory]
2020-01-21 00:42:39 - Starting beans in phase 2147483647
2020-01-21 00:42:39 - Starting ProtocolHandler ["http-nio-8080"]
2020-01-21 00:42:39 - Using a shared selector for servlet write/read
2020-01-21 00:42:39 - Tomcat started on port(s): 8080 (http) with context path ''
2020-01-21 00:42:39 - Started App in 5.642 seconds (JVM running for 6.829)
2020-01-21 00:42:47 - Initializing Spring FrameworkServlet 'dispatcherServlet'
2020-01-21 00:42:47 - FrameworkServlet 'dispatcherServlet': initialization started
2020-01-21 00:42:47 - FrameworkServlet 'dispatcherServlet': initialization completed in 15 ms
2020-01-21 02:40:02 - Starting App on DESKTOP-T7EOC95 with PID 30648 (C:\Springlibrary\springLibrary\server\target\classes started by haiam in C:\Springlibrary\springLibrary)
2020-01-21 02:40:02 - No active profile set, falling back to default profiles: default
2020-01-21 02:40:02 - Refreshing org.springframework.boot.web.servlet.context.AnnotationConfigServletWebServerApplicationContext@112b3402: startup date [Tue Jan 21 02:40:02 EET 2020]; root of context hierarchy
2020-01-21 02:40:03 - Bean 'org.springframework.amqp.rabbit.annotation.RabbitBootstrapConfiguration' of type [org.springframework.amqp.rabbit.annotation.RabbitBootstrapConfiguration$$EnhancerBySpringCGLIB$$f088712b] is not eligible for getting processed by all BeanPostProcessors (for example: not eligible for auto-proxying)
2020-01-21 02:40:03 - Bean 'org.springframework.transaction.annotation.ProxyTransactionManagementConfiguration' of type [org.springframework.transaction.annotation.ProxyTransactionManagementConfiguration$$EnhancerBySpringCGLIB$$2a1cb2fd] is not eligible for getting processed by all BeanPostProcessors (for example: not eligible for auto-proxying)
2020-01-21 02:40:04 - Tomcat initialized with port(s): 8080 (http)
2020-01-21 02:40:04 - Initializing ProtocolHandler ["http-nio-8080"]
2020-01-21 02:40:04 - Starting service [Tomcat]
2020-01-21 02:40:04 - Starting Servlet Engine: Apache Tomcat/8.5.28
2020-01-21 02:40:04 - The APR based Apache Tomcat Native library which allows optimal performance in production environments was not found on the java.library.path: [C:\Program Files\Java\jdk1.8.0_171\bin;C:\WINDOWS\Sun\Java\bin;C:\WINDOWS\system32;C:\WINDOWS;C:\Program Files\Docker\Docker\Resources\bin;C:\Program Files (x86)\Common Files\Oracle\Java\javapath;C:\WINDOWS\system32;C:\WINDOWS;C:\WINDOWS\System32\Wbem;C:\WINDOWS\System32\WindowsPowerShell\v1.0\;C:\Program Files\Java\jdk1.8.0_171\bin;C:\maven\bin;C:\maven\bin;C:\Program Files\Git\cmd;C:\Program Files\nodejs\;C:\WINDOWS\System32\OpenSSH\;C:\PostgreSQL\pg10\bin;C:\Program Files (x86)\QuickTime\QTSystem\;C:\Users\haiam\AppData\Local\Programs\Python\Python37-32\Scripts\;C:\Users\haiam\AppData\Local\Programs\Python\Python37-32\;C:\Users\haiam\AppData\Local\Microsoft\WindowsApps;C:\Program Files\Microsoft VS Code\bin;C:\Users\haiam\AppData\Roaming\npm;C:\Users\haiam\AppData\Local\GitHubDesktop\bin;C:\Users\haiam\AppData\Local\Microsoft\WindowsApps;;C:\Program Files\Docker Toolbox;.]
2020-01-21 02:40:04 - Initializing Spring embedded WebApplicationContext
2020-01-21 02:40:04 - Root WebApplicationContext: initialization completed in 1460 ms
2020-01-21 02:40:04 - Servlet dispatcherServlet mapped to [/]
2020-01-21 02:40:04 - Mapping filter: 'characterEncodingFilter' to: [/*]
2020-01-21 02:40:04 - Mapping filter: 'hiddenHttpMethodFilter' to: [/*]
2020-01-21 02:40:04 - Mapping filter: 'httpPutFormContentFilter' to: [/*]
2020-01-21 02:40:04 - Mapping filter: 'requestContextFilter' to: [/*]
2020-01-21 02:40:04 - HikariPool-1 - Starting...
2020-01-21 02:40:05 - HikariPool-1 - Start completed.
2020-01-21 02:40:05 - Building JPA container EntityManagerFactory for persistence unit 'default'
2020-01-21 02:40:05 - HHH000204: Processing PersistenceUnitInfo [
	name: default
	...]
2020-01-21 02:40:05 - HHH000412: Hibernate Core {5.2.10.Final}
2020-01-21 02:40:05 - HHH000206: hibernate.properties not found
2020-01-21 02:40:05 - HCANN000001: Hibernate Commons Annotations {5.0.1.Final}
2020-01-21 02:40:06 - HHH000400: Using dialect: org.hibernate.dialect.MySQL5Dialect
2020-01-21 02:40:07 - Initialized JPA EntityManagerFactory for persistence unit 'default'
2020-01-21 02:40:07 - HHH000397: Using ASTQueryTranslatorFactory
2020-01-21 02:40:07 - Looking for @ControllerAdvice: org.springframework.boot.web.servlet.context.AnnotationConfigServletWebServerApplicationContext@112b3402: startup date [Tue Jan 21 02:40:02 EET 2020]; root of context hierarchy
2020-01-21 02:40:07 - spring.jpa.open-in-view is enabled by default. Therefore, database queries may be performed during view rendering. Explicitly configure spring.jpa.open-in-view to disable this warning
2020-01-21 02:40:07 - Mapped "{[/author/delete],methods=[POST]}" onto public org.springframework.http.ResponseEntity<?> springLibrary.controller.AuthorController.delete(springLibrary.model.request.AuthorRequest)
2020-01-21 02:40:07 - Mapped "{[/addauthor/save],methods=[POST]}" onto org.springframework.http.ResponseEntity<?> springLibrary.controller.AuthorController.save(springLibrary.model.request.AuthorRequest)
2020-01-21 02:40:07 - Mapped "{[/author/findbycharacter],methods=[GET]}" onto public java.util.List<springLibrary.model.response.AuthorResponse> springLibrary.controller.AuthorController.getAuthorByCharacter(java.lang.String)
2020-01-21 02:40:07 - Mapped "{[/authors],methods=[GET]}" onto public org.springframework.http.ResponseEntity<java.util.List<springLibrary.model.response.AuthorResponse>> springLibrary.controller.AuthorController.authors()
2020-01-21 02:40:07 - Mapped "{[/author/{id}],methods=[GET]}" onto public org.springframework.http.ResponseEntity<?> springLibrary.controller.AuthorController.getAuthorById(java.lang.Long)
2020-01-21 02:40:07 - Mapped "{[/getbybook/{id}],methods=[GET]}" onto public java.util.List<springLibrary.model.response.AuthorResponse> springLibrary.controller.AuthorController.getAuthorsByBook(java.lang.Long)
2020-01-21 02:40:07 - Mapped "{[/author/findbyname],methods=[GET]}" onto public java.util.List<springLibrary.model.response.AuthorResponse> springLibrary.controller.AuthorController.getAuthorsByName(java.lang.String)
2020-01-21 02:40:07 - Mapped "{[/book/delete],methods=[POST]}" onto public org.springframework.http.ResponseEntity<?> springLibrary.controller.BookController.delete(springLibrary.model.request.BookRequest)
2020-01-21 02:40:07 - Mapped "{[/books/save],methods=[POST]}" onto public org.springframework.http.ResponseEntity<?> springLibrary.controller.BookController.save(springLibrary.model.request.BookRequest)
2020-01-21 02:40:07 - Mapped "{[/books/{id}],methods=[GET]}" onto public org.springframework.http.ResponseEntity<?> springLibrary.controller.BookController.configure(java.lang.Long)
2020-01-21 02:40:07 - Mapped "{[/book/findbycharacter],methods=[GET]}" onto public java.util.List<springLibrary.model.response.BookResponse> springLibrary.controller.BookController.getBookByCharacter(java.lang.String)
2020-01-21 02:40:07 - Mapped "{[/getbypublisher/{id}],methods=[GET]}" onto public java.util.List<springLibrary.model.response.BookResponse> springLibrary.controller.BookController.getBooksByPublisher(java.lang.Long)
2020-01-21 02:40:07 - Mapped "{[/books],methods=[GET]}" onto public org.springframework.http.ResponseEntity<java.util.List<springLibrary.model.response.BookResponse>> springLibrary.controller.BookController.books()
2020-01-21 02:40:07 - Mapped "{[/book/findbyname],methods=[GET]}" onto public java.util.List<springLibrary.entities.Book> springLibrary.controller.BookController.getBookByName()
2020-01-21 02:40:07 - Mapped "{[/getbyauthor/{id}],methods=[GET]}" onto public java.util.List<springLibrary.model.response.BookResponse> springLibrary.controller.BookController.getBooksByAuthor(java.lang.Long)
2020-01-21 02:40:07 - Mapped "{[/book/findbycriteria],methods=[POST]}" onto public org.springframework.http.ResponseEntity<java.util.List<springLibrary.model.response.BookResponse>> springLibrary.controller.BookController.findBooks(springLibrary.model.request.CriteriaRequest)
2020-01-21 02:40:07 - Mapped "{[/getbygenre/{id}],methods=[GET]}" onto public java.util.List<springLibrary.model.response.BookResponse> springLibrary.controller.BookController.findByGenreBooks(java.lang.Long)
2020-01-21 02:40:07 - Mapped "{[/genre/delete],methods=[POST]}" onto public org.springframework.http.ResponseEntity<?> springLibrary.controller.GenreController.delete(springLibrary.model.request.GenreRequest)
2020-01-21 02:40:07 - Mapped "{[/addgenre/save],methods=[POST]}" onto org.springframework.http.ResponseEntity<?> springLibrary.controller.GenreController.save(springLibrary.model.request.GenreRequest)
2020-01-21 02:40:07 - Mapped "{[/genre/{id}],methods=[GET]}" onto public org.springframework.http.ResponseEntity<?> springLibrary.controller.GenreController.configure(java.lang.Long)
2020-01-21 02:40:07 - Mapped "{[/booksbygenres],methods=[GET]}" onto public org.springframework.http.ResponseEntity<java.util.List<springLibrary.model.response.GenreResponse>> springLibrary.controller.GenreController.genres()
2020-01-21 02:40:07 - Mapped "{[/publisher/delete],methods=[POST]}" onto public org.springframework.http.ResponseEntity<?> springLibrary.controller.PublisherController.delete(springLibrary.model.request.PublisherRequest)
2020-01-21 02:40:07 - Mapped "{[/addpublisher/save],methods=[POST]}" onto org.springframework.http.ResponseEntity<?> springLibrary.controller.PublisherController.save(springLibrary.model.request.PublisherRequest)
2020-01-21 02:40:07 - Mapped "{[/publisher/{id}],methods=[GET]}" onto public org.springframework.http.ResponseEntity<?> springLibrary.controller.PublisherController.configure(java.lang.Long)
2020-01-21 02:40:07 - Mapped "{[/booksbypublisher],methods=[GET]}" onto public org.springframework.http.ResponseEntity<java.util.List<springLibrary.model.response.PublisherResponse>> springLibrary.controller.PublisherController.publishers()
2020-01-21 02:40:07 - Mapped "{[/publisher/findbycriteria],methods=[POST]}" onto public org.springframework.http.ResponseEntity<java.util.List<springLibrary.model.response.PublisherResponse>> springLibrary.controller.PublisherController.findPublishers(springLibrary.model.request.PublisherSearchCreateria)
2020-01-21 02:40:07 - Mapped "{[/publisher/findbycharacter],methods=[GET]}" onto public java.util.List<springLibrary.model.response.PublisherResponse> springLibrary.controller.PublisherController.getPublisherByCharacter(java.lang.String)
2020-01-21 02:40:07 - Mapped "{[/error]}" onto public org.springframework.http.ResponseEntity<java.util.Map<java.lang.String, java.lang.Object>> org.springframework.boot.autoconfigure.web.servlet.error.BasicErrorController.error(javax.servlet.http.HttpServletRequest)
2020-01-21 02:40:07 - Mapped "{[/error],produces=[text/html]}" onto public org.springframework.web.servlet.ModelAndView org.springframework.boot.autoconfigure.web.servlet.error.BasicErrorController.errorHtml(javax.servlet.http.HttpServletRequest,javax.servlet.http.HttpServletResponse)
2020-01-21 02:40:07 - Mapped URL path [/webjars/**] onto handler of type [class org.springframework.web.servlet.resource.ResourceHttpRequestHandler]
2020-01-21 02:40:07 - Mapped URL path [/**] onto handler of type [class org.springframework.web.servlet.resource.ResourceHttpRequestHandler]
2020-01-21 02:40:07 - Mapped URL path [/**/favicon.ico] onto handler of type [class org.springframework.web.servlet.resource.ResourceHttpRequestHandler]
2020-01-21 02:40:08 - Cannot find template location: classpath:/templates/ (please add some templates or check your Thymeleaf configuration)
2020-01-21 02:40:08 - SpringTemplateLoader for FreeMarker: using resource loader [org.springframework.boot.web.servlet.context.AnnotationConfigServletWebServerApplicationContext@112b3402: startup date [Tue Jan 21 02:40:02 EET 2020]; root of context hierarchy] and template loader path [classpath:/templates/]
2020-01-21 02:40:08 - ClassTemplateLoader for Spring macros added to FreeMarker configuration
2020-01-21 02:40:08 - Cannot find template location(s): [classpath:/templates/] (please add some templates, check your FreeMarker configuration, or set spring.freemarker.checkTemplateLocation=false)
2020-01-21 02:40:08 - LiveReload server is running on port 35729
2020-01-21 02:40:08 - Registering beans for JMX exposure on startup
2020-01-21 02:40:08 - Bean with name 'dataSource' has been autodetected for JMX exposure
2020-01-21 02:40:08 - Bean with name 'rabbitConnectionFactory' has been autodetected for JMX exposure
2020-01-21 02:40:08 - Located MBean 'dataSource': registering with JMX server as MBean [com.zaxxer.hikari:name=dataSource,type=HikariDataSource]
2020-01-21 02:40:08 - Located managed bean 'rabbitConnectionFactory': registering with JMX server as MBean [org.springframework.amqp.rabbit.connection:name=rabbitConnectionFactory,type=CachingConnectionFactory]
2020-01-21 02:40:08 - Starting beans in phase 2147483647
2020-01-21 02:40:08 - Starting ProtocolHandler ["http-nio-8080"]
2020-01-21 02:40:08 - Using a shared selector for servlet write/read
2020-01-21 02:40:08 - Tomcat started on port(s): 8080 (http) with context path ''
2020-01-21 02:40:08 - Started App in 5.96 seconds (JVM running for 7.246)
2020-01-21 02:40:18 - Initializing Spring FrameworkServlet 'dispatcherServlet'
2020-01-21 02:40:18 - FrameworkServlet 'dispatcherServlet': initialization started
2020-01-21 02:40:18 - FrameworkServlet 'dispatcherServlet': initialization completed in 17 ms
2020-01-21 04:10:22 - criteriaRequest.toString() = CriteriaRequest{searchWord='спроба', type='null'}
2020-01-21 04:10:30 - criteriaRequest.toString() = CriteriaRequest{searchWord='буквар', type='null'}
2020-01-21 04:10:44 - criteriaRequest.toString() = CriteriaRequest{searchWord='спроба', type='null'}
2020-01-21 04:10:50 - criteriaRequest.toString() = CriteriaRequest{searchWord='азбука', type='null'}
2020-01-21 05:02:29 - criteriaRequest.toString() = CriteriaRequest{searchWord='fgfgg', type='FIRSTROOM'}
2020-01-21 05:02:36 - criteriaRequest.toString() = CriteriaRequest{searchWord='fgfgg', type='THIRDROOM'}
2020-01-21 05:02:51 - criteriaRequest.toString() = CriteriaRequest{searchWord='спроба', type='THIRDROOM'}
2020-01-21 15:58:30 - Starting App on DESKTOP-T7EOC95 with PID 20804 (C:\Springlibrary\springLibrary\server\target\classes started by haiam in C:\Springlibrary\springLibrary)
2020-01-21 15:58:30 - No active profile set, falling back to default profiles: default
2020-01-21 15:58:30 - Refreshing org.springframework.boot.web.servlet.context.AnnotationConfigServletWebServerApplicationContext@768f1009: startup date [Tue Jan 21 15:58:30 EET 2020]; root of context hierarchy
2020-01-21 15:58:31 - Bean 'org.springframework.amqp.rabbit.annotation.RabbitBootstrapConfiguration' of type [org.springframework.amqp.rabbit.annotation.RabbitBootstrapConfiguration$$EnhancerBySpringCGLIB$$df59568b] is not eligible for getting processed by all BeanPostProcessors (for example: not eligible for auto-proxying)
2020-01-21 15:58:31 - Bean 'org.springframework.transaction.annotation.ProxyTransactionManagementConfiguration' of type [org.springframework.transaction.annotation.ProxyTransactionManagementConfiguration$$EnhancerBySpringCGLIB$$18ed985d] is not eligible for getting processed by all BeanPostProcessors (for example: not eligible for auto-proxying)
2020-01-21 15:58:32 - Tomcat initialized with port(s): 8080 (http)
2020-01-21 15:58:32 - Initializing ProtocolHandler ["http-nio-8080"]
2020-01-21 15:58:32 - Starting service [Tomcat]
2020-01-21 15:58:32 - Starting Servlet Engine: Apache Tomcat/8.5.28
2020-01-21 15:58:32 - The APR based Apache Tomcat Native library which allows optimal performance in production environments was not found on the java.library.path: [C:\Program Files\Java\jdk1.8.0_171\bin;C:\WINDOWS\Sun\Java\bin;C:\WINDOWS\system32;C:\WINDOWS;C:\Program Files\Docker\Docker\Resources\bin;C:\Program Files (x86)\Common Files\Oracle\Java\javapath;C:\WINDOWS\system32;C:\WINDOWS;C:\WINDOWS\System32\Wbem;C:\WINDOWS\System32\WindowsPowerShell\v1.0\;C:\Program Files\Java\jdk1.8.0_171\bin;C:\maven\bin;C:\maven\bin;C:\Program Files\Git\cmd;C:\Program Files\nodejs\;C:\WINDOWS\System32\OpenSSH\;C:\PostgreSQL\pg10\bin;C:\Program Files (x86)\QuickTime\QTSystem\;C:\Users\haiam\AppData\Local\Programs\Python\Python37-32\Scripts\;C:\Users\haiam\AppData\Local\Programs\Python\Python37-32\;C:\Users\haiam\AppData\Local\Microsoft\WindowsApps;C:\Program Files\Microsoft VS Code\bin;C:\Users\haiam\AppData\Roaming\npm;C:\Users\haiam\AppData\Local\GitHubDesktop\bin;C:\Users\haiam\AppData\Local\Microsoft\WindowsApps;;C:\Program Files\Docker Toolbox;.]
2020-01-21 15:58:32 - Initializing Spring embedded WebApplicationContext
2020-01-21 15:58:32 - Root WebApplicationContext: initialization completed in 1607 ms
2020-01-21 15:58:32 - Servlet dispatcherServlet mapped to [/]
2020-01-21 15:58:32 - Mapping filter: 'characterEncodingFilter' to: [/*]
2020-01-21 15:58:32 - Mapping filter: 'hiddenHttpMethodFilter' to: [/*]
2020-01-21 15:58:32 - Mapping filter: 'httpPutFormContentFilter' to: [/*]
2020-01-21 15:58:32 - Mapping filter: 'requestContextFilter' to: [/*]
2020-01-21 15:58:32 - HikariPool-1 - Starting...
2020-01-21 15:58:33 - HikariPool-1 - Start completed.
2020-01-21 15:58:33 - Building JPA container EntityManagerFactory for persistence unit 'default'
2020-01-21 15:58:33 - HHH000204: Processing PersistenceUnitInfo [
	name: default
	...]
2020-01-21 15:58:33 - HHH000412: Hibernate Core {5.2.10.Final}
2020-01-21 15:58:33 - HHH000206: hibernate.properties not found
2020-01-21 15:58:33 - HCANN000001: Hibernate Commons Annotations {5.0.1.Final}
2020-01-21 15:58:34 - HHH000400: Using dialect: org.hibernate.dialect.MySQL5Dialect
2020-01-21 15:58:35 - Initialized JPA EntityManagerFactory for persistence unit 'default'
2020-01-21 15:58:35 - HHH000397: Using ASTQueryTranslatorFactory
2020-01-21 15:58:35 - Looking for @ControllerAdvice: org.springframework.boot.web.servlet.context.AnnotationConfigServletWebServerApplicationContext@768f1009: startup date [Tue Jan 21 15:58:30 EET 2020]; root of context hierarchy
2020-01-21 15:58:35 - spring.jpa.open-in-view is enabled by default. Therefore, database queries may be performed during view rendering. Explicitly configure spring.jpa.open-in-view to disable this warning
2020-01-21 15:58:36 - Mapped "{[/author/delete],methods=[POST]}" onto public org.springframework.http.ResponseEntity<?> springLibrary.controller.AuthorController.delete(springLibrary.model.request.AuthorRequest)
2020-01-21 15:58:36 - Mapped "{[/addauthor/save],methods=[POST]}" onto org.springframework.http.ResponseEntity<?> springLibrary.controller.AuthorController.save(springLibrary.model.request.AuthorRequest)
2020-01-21 15:58:36 - Mapped "{[/getbybook/{id}],methods=[GET]}" onto public java.util.List<springLibrary.model.response.AuthorResponse> springLibrary.controller.AuthorController.getAuthorsByBook(java.lang.Long)
2020-01-21 15:58:36 - Mapped "{[/authors],methods=[GET]}" onto public org.springframework.http.ResponseEntity<java.util.List<springLibrary.model.response.AuthorResponse>> springLibrary.controller.AuthorController.authors()
2020-01-21 15:58:36 - Mapped "{[/author/findbyname],methods=[GET]}" onto public java.util.List<springLibrary.model.response.AuthorResponse> springLibrary.controller.AuthorController.getAuthorsByName(java.lang.String)
2020-01-21 15:58:36 - Mapped "{[/author/{id}],methods=[GET]}" onto public org.springframework.http.ResponseEntity<?> springLibrary.controller.AuthorController.getAuthorById(java.lang.Long)
2020-01-21 15:58:36 - Mapped "{[/author/findbycharacter],methods=[GET]}" onto public java.util.List<springLibrary.model.response.AuthorResponse> springLibrary.controller.AuthorController.getAuthorByCharacter(java.lang.String)
2020-01-21 15:58:36 - Mapped "{[/book/delete],methods=[POST]}" onto public org.springframework.http.ResponseEntity<?> springLibrary.controller.BookController.delete(springLibrary.model.request.BookRequest)
2020-01-21 15:58:36 - Mapped "{[/books/save],methods=[POST]}" onto public org.springframework.http.ResponseEntity<?> springLibrary.controller.BookController.save(springLibrary.model.request.BookRequest)
2020-01-21 15:58:36 - Mapped "{[/books/{id}],methods=[GET]}" onto public org.springframework.http.ResponseEntity<?> springLibrary.controller.BookController.configure(java.lang.Long)
2020-01-21 15:58:36 - Mapped "{[/book/findbyname],methods=[GET]}" onto public java.util.List<springLibrary.entities.Book> springLibrary.controller.BookController.getBookByName()
2020-01-21 15:58:36 - Mapped "{[/book/findbycriteria],methods=[POST]}" onto public org.springframework.http.ResponseEntity<java.util.List<springLibrary.model.response.BookResponse>> springLibrary.controller.BookController.findBooks(springLibrary.model.request.CriteriaRequest)
2020-01-21 15:58:36 - Mapped "{[/getbygenre/{id}],methods=[GET]}" onto public java.util.List<springLibrary.model.response.BookResponse> springLibrary.controller.BookController.findByGenreBooks(java.lang.Long)
2020-01-21 15:58:36 - Mapped "{[/books],methods=[GET]}" onto public org.springframework.http.ResponseEntity<java.util.List<springLibrary.model.response.BookResponse>> springLibrary.controller.BookController.books()
2020-01-21 15:58:36 - Mapped "{[/getbyauthor/{id}],methods=[GET]}" onto public java.util.List<springLibrary.model.response.BookResponse> springLibrary.controller.BookController.getBooksByAuthor(java.lang.Long)
2020-01-21 15:58:36 - Mapped "{[/book/findbycharacter],methods=[GET]}" onto public java.util.List<springLibrary.model.response.BookResponse> springLibrary.controller.BookController.getBookByCharacter(java.lang.String)
2020-01-21 15:58:36 - Mapped "{[/getbypublisher/{id}],methods=[GET]}" onto public java.util.List<springLibrary.model.response.BookResponse> springLibrary.controller.BookController.getBooksByPublisher(java.lang.Long)
2020-01-21 15:58:36 - Mapped "{[/genre/delete],methods=[POST]}" onto public org.springframework.http.ResponseEntity<?> springLibrary.controller.GenreController.delete(springLibrary.model.request.GenreRequest)
2020-01-21 15:58:36 - Mapped "{[/addgenre/save],methods=[POST]}" onto org.springframework.http.ResponseEntity<?> springLibrary.controller.GenreController.save(springLibrary.model.request.GenreRequest)
2020-01-21 15:58:36 - Mapped "{[/genre/{id}],methods=[GET]}" onto public org.springframework.http.ResponseEntity<?> springLibrary.controller.GenreController.configure(java.lang.Long)
2020-01-21 15:58:36 - Mapped "{[/booksbygenres],methods=[GET]}" onto public org.springframework.http.ResponseEntity<java.util.List<springLibrary.model.response.GenreResponse>> springLibrary.controller.GenreController.genres()
2020-01-21 15:58:36 - Mapped "{[/publisher/delete],methods=[POST]}" onto public org.springframework.http.ResponseEntity<?> springLibrary.controller.PublisherController.delete(springLibrary.model.request.PublisherRequest)
2020-01-21 15:58:36 - Mapped "{[/addpublisher/save],methods=[POST]}" onto org.springframework.http.ResponseEntity<?> springLibrary.controller.PublisherController.save(springLibrary.model.request.PublisherRequest)
2020-01-21 15:58:36 - Mapped "{[/publisher/{id}],methods=[GET]}" onto public org.springframework.http.ResponseEntity<?> springLibrary.controller.PublisherController.configure(java.lang.Long)
2020-01-21 15:58:36 - Mapped "{[/booksbypublisher],methods=[GET]}" onto public org.springframework.http.ResponseEntity<java.util.List<springLibrary.model.response.PublisherResponse>> springLibrary.controller.PublisherController.publishers()
2020-01-21 15:58:36 - Mapped "{[/publisher/findbycriteria],methods=[POST]}" onto public org.springframework.http.ResponseEntity<java.util.List<springLibrary.model.response.PublisherResponse>> springLibrary.controller.PublisherController.findPublishers(springLibrary.model.request.PublisherSearchCreateria)
2020-01-21 15:58:36 - Mapped "{[/publisher/findbycharacter],methods=[GET]}" onto public java.util.List<springLibrary.model.response.PublisherResponse> springLibrary.controller.PublisherController.getPublisherByCharacter(java.lang.String)
2020-01-21 15:58:36 - Mapped "{[/error]}" onto public org.springframework.http.ResponseEntity<java.util.Map<java.lang.String, java.lang.Object>> org.springframework.boot.autoconfigure.web.servlet.error.BasicErrorController.error(javax.servlet.http.HttpServletRequest)
2020-01-21 15:58:36 - Mapped "{[/error],produces=[text/html]}" onto public org.springframework.web.servlet.ModelAndView org.springframework.boot.autoconfigure.web.servlet.error.BasicErrorController.errorHtml(javax.servlet.http.HttpServletRequest,javax.servlet.http.HttpServletResponse)
2020-01-21 15:58:36 - Mapped URL path [/webjars/**] onto handler of type [class org.springframework.web.servlet.resource.ResourceHttpRequestHandler]
2020-01-21 15:58:36 - Mapped URL path [/**] onto handler of type [class org.springframework.web.servlet.resource.ResourceHttpRequestHandler]
2020-01-21 15:58:36 - Mapped URL path [/**/favicon.ico] onto handler of type [class org.springframework.web.servlet.resource.ResourceHttpRequestHandler]
2020-01-21 15:58:36 - Cannot find template location: classpath:/templates/ (please add some templates or check your Thymeleaf configuration)
2020-01-21 15:58:36 - SpringTemplateLoader for FreeMarker: using resource loader [org.springframework.boot.web.servlet.context.AnnotationConfigServletWebServerApplicationContext@768f1009: startup date [Tue Jan 21 15:58:30 EET 2020]; root of context hierarchy] and template loader path [classpath:/templates/]
2020-01-21 15:58:36 - ClassTemplateLoader for Spring macros added to FreeMarker configuration
2020-01-21 15:58:36 - Cannot find template location(s): [classpath:/templates/] (please add some templates, check your FreeMarker configuration, or set spring.freemarker.checkTemplateLocation=false)
2020-01-21 15:58:36 - LiveReload server is running on port 35729
2020-01-21 15:58:36 - Registering beans for JMX exposure on startup
2020-01-21 15:58:36 - Bean with name 'dataSource' has been autodetected for JMX exposure
2020-01-21 15:58:36 - Bean with name 'rabbitConnectionFactory' has been autodetected for JMX exposure
2020-01-21 15:58:36 - Located MBean 'dataSource': registering with JMX server as MBean [com.zaxxer.hikari:name=dataSource,type=HikariDataSource]
2020-01-21 15:58:36 - Located managed bean 'rabbitConnectionFactory': registering with JMX server as MBean [org.springframework.amqp.rabbit.connection:name=rabbitConnectionFactory,type=CachingConnectionFactory]
2020-01-21 15:58:36 - Starting beans in phase 2147483647
2020-01-21 15:58:36 - Starting ProtocolHandler ["http-nio-8080"]
2020-01-21 15:58:36 - Using a shared selector for servlet write/read
2020-01-21 15:58:36 - Tomcat started on port(s): 8080 (http) with context path ''
2020-01-21 15:58:36 - Started App in 6.458 seconds (JVM running for 7.759)
2020-01-21 15:59:32 - Initializing Spring FrameworkServlet 'dispatcherServlet'
2020-01-21 15:59:32 - FrameworkServlet 'dispatcherServlet': initialization started
2020-01-21 15:59:32 - FrameworkServlet 'dispatcherServlet': initialization completed in 16 ms
