2020-01-15 20:46:09 - Starting App on DESKTOP-T7EOC95 with PID 10276 (C:\Springlibrary\springLibrary\server\target\classes started by haiam in C:\Springlibrary\springLibrary)
2020-01-15 20:46:09 - No active profile set, falling back to default profiles: default
2020-01-15 20:46:09 - Refreshing org.springframework.boot.web.servlet.context.AnnotationConfigServletWebServerApplicationContext@380ea712: startup date [Wed Jan 15 20:46:09 EET 2020]; root of context hierarchy
2020-01-15 20:46:10 - Bean 'org.springframework.amqp.rabbit.annotation.RabbitBootstrapConfiguration' of type [org.springframework.amqp.rabbit.annotation.RabbitBootstrapConfiguration$$EnhancerBySpringCGLIB$$2c3f7fa4] is not eligible for getting processed by all BeanPostProcessors (for example: not eligible for auto-proxying)
2020-01-15 20:46:10 - Bean 'org.springframework.transaction.annotation.ProxyTransactionManagementConfiguration' of type [org.springframework.transaction.annotation.ProxyTransactionManagementConfiguration$$EnhancerBySpringCGLIB$$65d3c176] is not eligible for getting processed by all BeanPostProcessors (for example: not eligible for auto-proxying)
2020-01-15 20:46:10 - Tomcat initialized with port(s): 8080 (http)
2020-01-15 20:46:10 - Initializing ProtocolHandler ["http-nio-8080"]
2020-01-15 20:46:10 - Starting service [Tomcat]
2020-01-15 20:46:10 - Starting Servlet Engine: Apache Tomcat/8.5.28
2020-01-15 20:46:10 - The APR based Apache Tomcat Native library which allows optimal performance in production environments was not found on the java.library.path: [C:\Program Files\Java\jdk1.8.0_171\bin;C:\WINDOWS\Sun\Java\bin;C:\WINDOWS\system32;C:\WINDOWS;C:\Program Files\Docker\Docker\Resources\bin;C:\Program Files (x86)\Common Files\Oracle\Java\javapath;C:\WINDOWS\system32;C:\WINDOWS;C:\WINDOWS\System32\Wbem;C:\WINDOWS\System32\WindowsPowerShell\v1.0\;C:\Program Files\Java\jdk1.8.0_171\bin;C:\maven\bin;C:\maven\bin;C:\Program Files\Git\cmd;C:\Program Files\nodejs\;C:\WINDOWS\System32\OpenSSH\;C:\PostgreSQL\pg10\bin;C:\Program Files (x86)\QuickTime\QTSystem\;C:\Users\haiam\AppData\Local\Programs\Python\Python37-32\Scripts\;C:\Users\haiam\AppData\Local\Programs\Python\Python37-32\;C:\Users\haiam\AppData\Local\Microsoft\WindowsApps;C:\Program Files\Microsoft VS Code\bin;C:\Users\haiam\AppData\Roaming\npm;C:\Users\haiam\AppData\Local\GitHubDesktop\bin;C:\Users\haiam\AppData\Local\Microsoft\WindowsApps;;C:\Program Files\Docker Toolbox;.]
2020-01-15 20:46:11 - Initializing Spring embedded WebApplicationContext
2020-01-15 20:46:11 - Root WebApplicationContext: initialization completed in 1683 ms
2020-01-15 20:46:11 - Servlet dispatcherServlet mapped to [/]
2020-01-15 20:46:11 - Mapping filter: 'characterEncodingFilter' to: [/*]
2020-01-15 20:46:11 - Mapping filter: 'hiddenHttpMethodFilter' to: [/*]
2020-01-15 20:46:11 - Mapping filter: 'httpPutFormContentFilter' to: [/*]
2020-01-15 20:46:11 - Mapping filter: 'requestContextFilter' to: [/*]
2020-01-15 20:46:11 - HikariPool-1 - Starting...
2020-01-15 20:46:12 - HikariPool-1 - Start completed.
2020-01-15 20:46:12 - Building JPA container EntityManagerFactory for persistence unit 'default'
2020-01-15 20:46:12 - HHH000204: Processing PersistenceUnitInfo [
	name: default
	...]
2020-01-15 20:46:12 - HHH000412: Hibernate Core {5.2.10.Final}
2020-01-15 20:46:12 - HHH000206: hibernate.properties not found
2020-01-15 20:46:12 - HCANN000001: Hibernate Commons Annotations {5.0.1.Final}
2020-01-15 20:46:13 - HHH000400: Using dialect: org.hibernate.dialect.MySQL5Dialect
2020-01-15 20:46:14 - Initialized JPA EntityManagerFactory for persistence unit 'default'
2020-01-15 20:46:14 - HHH000397: Using ASTQueryTranslatorFactory
2020-01-15 20:46:14 - Looking for @ControllerAdvice: org.springframework.boot.web.servlet.context.AnnotationConfigServletWebServerApplicationContext@380ea712: startup date [Wed Jan 15 20:46:09 EET 2020]; root of context hierarchy
2020-01-15 20:46:14 - spring.jpa.open-in-view is enabled by default. Therefore, database queries may be performed during view rendering. Explicitly configure spring.jpa.open-in-view to disable this warning
2020-01-15 20:46:14 - Mapped "{[/author/delete],methods=[POST]}" onto public org.springframework.http.ResponseEntity<?> springLibrary.controller.AuthorController.delete(springLibrary.model.request.AuthorRequest)
2020-01-15 20:46:14 - Mapped "{[/addauthor/save],methods=[POST]}" onto org.springframework.http.ResponseEntity<?> springLibrary.controller.AuthorController.save(springLibrary.model.request.AuthorRequest)
2020-01-15 20:46:14 - Mapped "{[/author/findbycharacter],methods=[GET]}" onto public java.util.List<springLibrary.model.response.AuthorResponse> springLibrary.controller.AuthorController.getAuthorByCharacter(java.lang.String)
2020-01-15 20:46:14 - Mapped "{[/author/{id}],methods=[GET]}" onto public org.springframework.http.ResponseEntity<?> springLibrary.controller.AuthorController.getAuthorById(java.lang.Long)
2020-01-15 20:46:14 - Mapped "{[/authors],methods=[GET]}" onto public org.springframework.http.ResponseEntity<java.util.List<springLibrary.model.response.AuthorResponse>> springLibrary.controller.AuthorController.authors()
2020-01-15 20:46:14 - Mapped "{[/author/findbyname],methods=[GET]}" onto public java.util.List<springLibrary.model.response.AuthorResponse> springLibrary.controller.AuthorController.getAuthorsByName(java.lang.String)
2020-01-15 20:46:14 - Mapped "{[/book/delete],methods=[POST]}" onto public org.springframework.http.ResponseEntity<?> springLibrary.controller.BookController.delete(springLibrary.model.request.BookRequest)
2020-01-15 20:46:14 - Mapped "{[/books/save],methods=[POST]}" onto public org.springframework.http.ResponseEntity<?> springLibrary.controller.BookController.save(springLibrary.model.request.BookRequest)
2020-01-15 20:46:14 - Mapped "{[/books/{id}],methods=[GET]}" onto public org.springframework.http.ResponseEntity<?> springLibrary.controller.BookController.configure(java.lang.Long)
2020-01-15 20:46:14 - Mapped "{[/book/findbycharacter],methods=[GET]}" onto public java.util.List<springLibrary.model.response.BookResponse> springLibrary.controller.BookController.getBookByCharacter(java.lang.String)
2020-01-15 20:46:14 - Mapped "{[/getbypublisher/{id}],methods=[GET]}" onto public java.util.List<springLibrary.model.response.BookResponse> springLibrary.controller.BookController.getBooksByPublisher(java.lang.Long)
2020-01-15 20:46:14 - Mapped "{[/books],methods=[GET]}" onto public org.springframework.http.ResponseEntity<java.util.List<springLibrary.model.response.BookResponse>> springLibrary.controller.BookController.books()
2020-01-15 20:46:14 - Mapped "{[/book/findbyname],methods=[GET]}" onto public java.util.List<springLibrary.entities.Book> springLibrary.controller.BookController.getBookByName()
2020-01-15 20:46:14 - Mapped "{[/getbyauthor/{id}],methods=[GET]}" onto public java.util.List<springLibrary.model.response.BookResponse> springLibrary.controller.BookController.getBooksByAuthor(java.lang.Long)
2020-01-15 20:46:14 - Mapped "{[/getbygenre/{id}],methods=[GET]}" onto public java.util.List<springLibrary.model.response.BookResponse> springLibrary.controller.BookController.findByGenreBooks(java.lang.Long)
2020-01-15 20:46:14 - Mapped "{[/book/findbycriteria],methods=[POST]}" onto public org.springframework.http.ResponseEntity<java.util.List<springLibrary.model.response.BookResponse>> springLibrary.controller.BookController.findBooks(springLibrary.model.request.CriteriaRequest)
2020-01-15 20:46:14 - Mapped "{[/genre/delete],methods=[POST]}" onto public org.springframework.http.ResponseEntity<?> springLibrary.controller.GenreController.delete(springLibrary.model.request.GenreRequest)
2020-01-15 20:46:14 - Mapped "{[/addgenre/save],methods=[POST]}" onto org.springframework.http.ResponseEntity<?> springLibrary.controller.GenreController.save(springLibrary.model.request.GenreRequest)
2020-01-15 20:46:14 - Mapped "{[/genre/{id}],methods=[GET]}" onto public org.springframework.http.ResponseEntity<?> springLibrary.controller.GenreController.configure(java.lang.Long)
2020-01-15 20:46:14 - Mapped "{[/booksbygenres],methods=[GET]}" onto public org.springframework.http.ResponseEntity<java.util.List<springLibrary.model.response.GenreResponse>> springLibrary.controller.GenreController.genres()
2020-01-15 20:46:14 - Mapped "{[/publisher/delete],methods=[POST]}" onto public org.springframework.http.ResponseEntity<?> springLibrary.controller.PublisherController.delete(springLibrary.model.request.PublisherRequest)
2020-01-15 20:46:14 - Mapped "{[/addpublisher/save],methods=[POST]}" onto org.springframework.http.ResponseEntity<?> springLibrary.controller.PublisherController.save(springLibrary.model.request.PublisherRequest)
2020-01-15 20:46:14 - Mapped "{[/publisher/{id}],methods=[GET]}" onto public org.springframework.http.ResponseEntity<?> springLibrary.controller.PublisherController.configure(java.lang.Long)
2020-01-15 20:46:14 - Mapped "{[/publisher/findbycharacter],methods=[GET]}" onto public java.util.List<springLibrary.model.response.PublisherResponse> springLibrary.controller.PublisherController.getPublisherByCharacter(java.lang.String)
2020-01-15 20:46:14 - Mapped "{[/publisher/findbycriteria],methods=[POST]}" onto public org.springframework.http.ResponseEntity<java.util.List<springLibrary.model.response.PublisherResponse>> springLibrary.controller.PublisherController.findPublishers(springLibrary.model.request.PublisherSearchCreateria)
2020-01-15 20:46:14 - Mapped "{[/booksbypublisher],methods=[GET]}" onto public org.springframework.http.ResponseEntity<java.util.List<springLibrary.model.response.PublisherResponse>> springLibrary.controller.PublisherController.publishers()
2020-01-15 20:46:14 - Mapped "{[/error]}" onto public org.springframework.http.ResponseEntity<java.util.Map<java.lang.String, java.lang.Object>> org.springframework.boot.autoconfigure.web.servlet.error.BasicErrorController.error(javax.servlet.http.HttpServletRequest)
2020-01-15 20:46:14 - Mapped "{[/error],produces=[text/html]}" onto public org.springframework.web.servlet.ModelAndView org.springframework.boot.autoconfigure.web.servlet.error.BasicErrorController.errorHtml(javax.servlet.http.HttpServletRequest,javax.servlet.http.HttpServletResponse)
2020-01-15 20:46:14 - Mapped URL path [/webjars/**] onto handler of type [class org.springframework.web.servlet.resource.ResourceHttpRequestHandler]
2020-01-15 20:46:14 - Mapped URL path [/**] onto handler of type [class org.springframework.web.servlet.resource.ResourceHttpRequestHandler]
2020-01-15 20:46:15 - Mapped URL path [/**/favicon.ico] onto handler of type [class org.springframework.web.servlet.resource.ResourceHttpRequestHandler]
2020-01-15 20:46:15 - Cannot find template location: classpath:/templates/ (please add some templates or check your Thymeleaf configuration)
2020-01-15 20:46:15 - SpringTemplateLoader for FreeMarker: using resource loader [org.springframework.boot.web.servlet.context.AnnotationConfigServletWebServerApplicationContext@380ea712: startup date [Wed Jan 15 20:46:09 EET 2020]; root of context hierarchy] and template loader path [classpath:/templates/]
2020-01-15 20:46:15 - ClassTemplateLoader for Spring macros added to FreeMarker configuration
2020-01-15 20:46:15 - Cannot find template location(s): [classpath:/templates/] (please add some templates, check your FreeMarker configuration, or set spring.freemarker.checkTemplateLocation=false)
2020-01-15 20:46:15 - LiveReload server is running on port 35729
2020-01-15 20:46:15 - Registering beans for JMX exposure on startup
2020-01-15 20:46:15 - Bean with name 'dataSource' has been autodetected for JMX exposure
2020-01-15 20:46:15 - Bean with name 'rabbitConnectionFactory' has been autodetected for JMX exposure
2020-01-15 20:46:15 - Located MBean 'dataSource': registering with JMX server as MBean [com.zaxxer.hikari:name=dataSource,type=HikariDataSource]
2020-01-15 20:46:15 - Located managed bean 'rabbitConnectionFactory': registering with JMX server as MBean [org.springframework.amqp.rabbit.connection:name=rabbitConnectionFactory,type=CachingConnectionFactory]
2020-01-15 20:46:15 - Starting beans in phase 2147483647
2020-01-15 20:46:15 - Starting ProtocolHandler ["http-nio-8080"]
2020-01-15 20:46:15 - Using a shared selector for servlet write/read
2020-01-15 20:46:15 - Tomcat started on port(s): 8080 (http) with context path ''
2020-01-15 20:46:15 - Started App in 6.644 seconds (JVM running for 8.106)
2020-01-15 20:47:31 - Initializing Spring FrameworkServlet 'dispatcherServlet'
2020-01-15 20:47:31 - FrameworkServlet 'dispatcherServlet': initialization started
2020-01-15 20:47:31 - FrameworkServlet 'dispatcherServlet': initialization completed in 19 ms
2020-01-15 23:04:06 - Starting App on DESKTOP-T7EOC95 with PID 6016 (C:\Springlibrary\springLibrary\server\target\classes started by haiam in C:\Springlibrary\springLibrary)
2020-01-15 23:04:06 - No active profile set, falling back to default profiles: default
2020-01-15 23:04:06 - Refreshing org.springframework.boot.web.servlet.context.AnnotationConfigServletWebServerApplicationContext@4041e9f4: startup date [Wed Jan 15 23:04:06 EET 2020]; root of context hierarchy
2020-01-15 23:04:07 - Bean 'org.springframework.amqp.rabbit.annotation.RabbitBootstrapConfiguration' of type [org.springframework.amqp.rabbit.annotation.RabbitBootstrapConfiguration$$EnhancerBySpringCGLIB$$45b70572] is not eligible for getting processed by all BeanPostProcessors (for example: not eligible for auto-proxying)
2020-01-15 23:04:07 - Bean 'org.springframework.transaction.annotation.ProxyTransactionManagementConfiguration' of type [org.springframework.transaction.annotation.ProxyTransactionManagementConfiguration$$EnhancerBySpringCGLIB$$7f4b4744] is not eligible for getting processed by all BeanPostProcessors (for example: not eligible for auto-proxying)
2020-01-15 23:04:07 - Tomcat initialized with port(s): 8080 (http)
2020-01-15 23:04:07 - Initializing ProtocolHandler ["http-nio-8080"]
2020-01-15 23:04:07 - Starting service [Tomcat]
2020-01-15 23:04:07 - Starting Servlet Engine: Apache Tomcat/8.5.28
2020-01-15 23:04:07 - The APR based Apache Tomcat Native library which allows optimal performance in production environments was not found on the java.library.path: [C:\Program Files\Java\jdk1.8.0_171\bin;C:\WINDOWS\Sun\Java\bin;C:\WINDOWS\system32;C:\WINDOWS;C:\Program Files\Docker\Docker\Resources\bin;C:\Program Files (x86)\Common Files\Oracle\Java\javapath;C:\WINDOWS\system32;C:\WINDOWS;C:\WINDOWS\System32\Wbem;C:\WINDOWS\System32\WindowsPowerShell\v1.0\;C:\Program Files\Java\jdk1.8.0_171\bin;C:\maven\bin;C:\maven\bin;C:\Program Files\Git\cmd;C:\Program Files\nodejs\;C:\WINDOWS\System32\OpenSSH\;C:\PostgreSQL\pg10\bin;C:\Program Files (x86)\QuickTime\QTSystem\;C:\Users\haiam\AppData\Local\Programs\Python\Python37-32\Scripts\;C:\Users\haiam\AppData\Local\Programs\Python\Python37-32\;C:\Users\haiam\AppData\Local\Microsoft\WindowsApps;C:\Program Files\Microsoft VS Code\bin;C:\Users\haiam\AppData\Roaming\npm;C:\Users\haiam\AppData\Local\GitHubDesktop\bin;C:\Users\haiam\AppData\Local\Microsoft\WindowsApps;;C:\Program Files\Docker Toolbox;.]
2020-01-15 23:04:07 - Initializing Spring embedded WebApplicationContext
2020-01-15 23:04:07 - Root WebApplicationContext: initialization completed in 1417 ms
2020-01-15 23:04:07 - Servlet dispatcherServlet mapped to [/]
2020-01-15 23:04:07 - Mapping filter: 'characterEncodingFilter' to: [/*]
2020-01-15 23:04:07 - Mapping filter: 'hiddenHttpMethodFilter' to: [/*]
2020-01-15 23:04:07 - Mapping filter: 'httpPutFormContentFilter' to: [/*]
2020-01-15 23:04:07 - Mapping filter: 'requestContextFilter' to: [/*]
2020-01-15 23:04:07 - HikariPool-1 - Starting...
2020-01-15 23:04:08 - HikariPool-1 - Start completed.
2020-01-15 23:04:08 - Building JPA container EntityManagerFactory for persistence unit 'default'
2020-01-15 23:04:08 - HHH000204: Processing PersistenceUnitInfo [
	name: default
	...]
2020-01-15 23:04:09 - HHH000412: Hibernate Core {5.2.10.Final}
2020-01-15 23:04:09 - HHH000206: hibernate.properties not found
2020-01-15 23:04:09 - HCANN000001: Hibernate Commons Annotations {5.0.1.Final}
2020-01-15 23:04:09 - HHH000400: Using dialect: org.hibernate.dialect.MySQL5Dialect
2020-01-15 23:04:10 - Initialized JPA EntityManagerFactory for persistence unit 'default'
2020-01-15 23:04:10 - HHH000397: Using ASTQueryTranslatorFactory
2020-01-15 23:04:10 - Looking for @ControllerAdvice: org.springframework.boot.web.servlet.context.AnnotationConfigServletWebServerApplicationContext@4041e9f4: startup date [Wed Jan 15 23:04:06 EET 2020]; root of context hierarchy
2020-01-15 23:04:10 - spring.jpa.open-in-view is enabled by default. Therefore, database queries may be performed during view rendering. Explicitly configure spring.jpa.open-in-view to disable this warning
2020-01-15 23:04:10 - Mapped "{[/author/delete],methods=[POST]}" onto public org.springframework.http.ResponseEntity<?> springLibrary.controller.AuthorController.delete(springLibrary.model.request.AuthorRequest)
2020-01-15 23:04:10 - Mapped "{[/addauthor/save],methods=[POST]}" onto org.springframework.http.ResponseEntity<?> springLibrary.controller.AuthorController.save(springLibrary.model.request.AuthorRequest)
2020-01-15 23:04:10 - Mapped "{[/author/findbycharacter],methods=[GET]}" onto public java.util.List<springLibrary.model.response.AuthorResponse> springLibrary.controller.AuthorController.getAuthorByCharacter(java.lang.String)
2020-01-15 23:04:10 - Mapped "{[/author/{id}],methods=[GET]}" onto public org.springframework.http.ResponseEntity<?> springLibrary.controller.AuthorController.getAuthorById(java.lang.Long)
2020-01-15 23:04:10 - Mapped "{[/author/findbyname],methods=[GET]}" onto public java.util.List<springLibrary.model.response.AuthorResponse> springLibrary.controller.AuthorController.getAuthorsByName(java.lang.String)
2020-01-15 23:04:10 - Mapped "{[/authors],methods=[GET]}" onto public org.springframework.http.ResponseEntity<java.util.List<springLibrary.model.response.AuthorResponse>> springLibrary.controller.AuthorController.authors()
2020-01-15 23:04:10 - Mapped "{[/book/delete],methods=[POST]}" onto public org.springframework.http.ResponseEntity<?> springLibrary.controller.BookController.delete(springLibrary.model.request.BookRequest)
2020-01-15 23:04:10 - Mapped "{[/books/save],methods=[POST]}" onto public org.springframework.http.ResponseEntity<?> springLibrary.controller.BookController.save(springLibrary.model.request.BookRequest)
2020-01-15 23:04:10 - Mapped "{[/books/{id}],methods=[GET]}" onto public org.springframework.http.ResponseEntity<?> springLibrary.controller.BookController.configure(java.lang.Long)
2020-01-15 23:04:10 - Mapped "{[/book/findbyname],methods=[GET]}" onto public java.util.List<springLibrary.entities.Book> springLibrary.controller.BookController.getBookByName()
2020-01-15 23:04:10 - Mapped "{[/book/findbycriteria],methods=[POST]}" onto public org.springframework.http.ResponseEntity<java.util.List<springLibrary.model.response.BookResponse>> springLibrary.controller.BookController.findBooks(springLibrary.model.request.CriteriaRequest)
2020-01-15 23:04:10 - Mapped "{[/getbygenre/{id}],methods=[GET]}" onto public java.util.List<springLibrary.model.response.BookResponse> springLibrary.controller.BookController.findByGenreBooks(java.lang.Long)
2020-01-15 23:04:10 - Mapped "{[/getbyauthor/{id}],methods=[GET]}" onto public java.util.List<springLibrary.model.response.BookResponse> springLibrary.controller.BookController.getBooksByAuthor(java.lang.Long)
2020-01-15 23:04:10 - Mapped "{[/books],methods=[GET]}" onto public org.springframework.http.ResponseEntity<java.util.List<springLibrary.model.response.BookResponse>> springLibrary.controller.BookController.books()
2020-01-15 23:04:10 - Mapped "{[/getbypublisher/{id}],methods=[GET]}" onto public java.util.List<springLibrary.model.response.BookResponse> springLibrary.controller.BookController.getBooksByPublisher(java.lang.Long)
2020-01-15 23:04:10 - Mapped "{[/book/findbycharacter],methods=[GET]}" onto public java.util.List<springLibrary.model.response.BookResponse> springLibrary.controller.BookController.getBookByCharacter(java.lang.String)
2020-01-15 23:04:10 - Mapped "{[/genre/delete],methods=[POST]}" onto public org.springframework.http.ResponseEntity<?> springLibrary.controller.GenreController.delete(springLibrary.model.request.GenreRequest)
2020-01-15 23:04:10 - Mapped "{[/addgenre/save],methods=[POST]}" onto org.springframework.http.ResponseEntity<?> springLibrary.controller.GenreController.save(springLibrary.model.request.GenreRequest)
2020-01-15 23:04:10 - Mapped "{[/genre/{id}],methods=[GET]}" onto public org.springframework.http.ResponseEntity<?> springLibrary.controller.GenreController.configure(java.lang.Long)
2020-01-15 23:04:10 - Mapped "{[/booksbygenres],methods=[GET]}" onto public org.springframework.http.ResponseEntity<java.util.List<springLibrary.model.response.GenreResponse>> springLibrary.controller.GenreController.genres()
2020-01-15 23:04:10 - Mapped "{[/publisher/delete],methods=[POST]}" onto public org.springframework.http.ResponseEntity<?> springLibrary.controller.PublisherController.delete(springLibrary.model.request.PublisherRequest)
2020-01-15 23:04:10 - Mapped "{[/addpublisher/save],methods=[POST]}" onto org.springframework.http.ResponseEntity<?> springLibrary.controller.PublisherController.save(springLibrary.model.request.PublisherRequest)
2020-01-15 23:04:10 - Mapped "{[/publisher/{id}],methods=[GET]}" onto public org.springframework.http.ResponseEntity<?> springLibrary.controller.PublisherController.configure(java.lang.Long)
2020-01-15 23:04:10 - Mapped "{[/booksbypublisher],methods=[GET]}" onto public org.springframework.http.ResponseEntity<java.util.List<springLibrary.model.response.PublisherResponse>> springLibrary.controller.PublisherController.publishers()
2020-01-15 23:04:10 - Mapped "{[/publisher/findbycriteria],methods=[POST]}" onto public org.springframework.http.ResponseEntity<java.util.List<springLibrary.model.response.PublisherResponse>> springLibrary.controller.PublisherController.findPublishers(springLibrary.model.request.PublisherSearchCreateria)
2020-01-15 23:04:10 - Mapped "{[/publisher/findbycharacter],methods=[GET]}" onto public java.util.List<springLibrary.model.response.PublisherResponse> springLibrary.controller.PublisherController.getPublisherByCharacter(java.lang.String)
2020-01-15 23:04:10 - Mapped "{[/error]}" onto public org.springframework.http.ResponseEntity<java.util.Map<java.lang.String, java.lang.Object>> org.springframework.boot.autoconfigure.web.servlet.error.BasicErrorController.error(javax.servlet.http.HttpServletRequest)
2020-01-15 23:04:10 - Mapped "{[/error],produces=[text/html]}" onto public org.springframework.web.servlet.ModelAndView org.springframework.boot.autoconfigure.web.servlet.error.BasicErrorController.errorHtml(javax.servlet.http.HttpServletRequest,javax.servlet.http.HttpServletResponse)
2020-01-15 23:04:10 - Mapped URL path [/webjars/**] onto handler of type [class org.springframework.web.servlet.resource.ResourceHttpRequestHandler]
2020-01-15 23:04:10 - Mapped URL path [/**] onto handler of type [class org.springframework.web.servlet.resource.ResourceHttpRequestHandler]
2020-01-15 23:04:11 - Mapped URL path [/**/favicon.ico] onto handler of type [class org.springframework.web.servlet.resource.ResourceHttpRequestHandler]
2020-01-15 23:04:11 - Cannot find template location: classpath:/templates/ (please add some templates or check your Thymeleaf configuration)
2020-01-15 23:04:11 - SpringTemplateLoader for FreeMarker: using resource loader [org.springframework.boot.web.servlet.context.AnnotationConfigServletWebServerApplicationContext@4041e9f4: startup date [Wed Jan 15 23:04:06 EET 2020]; root of context hierarchy] and template loader path [classpath:/templates/]
2020-01-15 23:04:11 - ClassTemplateLoader for Spring macros added to FreeMarker configuration
2020-01-15 23:04:11 - Cannot find template location(s): [classpath:/templates/] (please add some templates, check your FreeMarker configuration, or set spring.freemarker.checkTemplateLocation=false)
2020-01-15 23:04:11 - LiveReload server is running on port 35729
2020-01-15 23:04:11 - Registering beans for JMX exposure on startup
2020-01-15 23:04:11 - Bean with name 'dataSource' has been autodetected for JMX exposure
2020-01-15 23:04:11 - Bean with name 'rabbitConnectionFactory' has been autodetected for JMX exposure
2020-01-15 23:04:11 - Located MBean 'dataSource': registering with JMX server as MBean [com.zaxxer.hikari:name=dataSource,type=HikariDataSource]
2020-01-15 23:04:11 - Located managed bean 'rabbitConnectionFactory': registering with JMX server as MBean [org.springframework.amqp.rabbit.connection:name=rabbitConnectionFactory,type=CachingConnectionFactory]
2020-01-15 23:04:11 - Starting beans in phase 2147483647
2020-01-15 23:04:11 - Starting ProtocolHandler ["http-nio-8080"]
2020-01-15 23:04:11 - Using a shared selector for servlet write/read
2020-01-15 23:04:11 - Tomcat started on port(s): 8080 (http) with context path ''
2020-01-15 23:04:11 - Started App in 5.928 seconds (JVM running for 7.037)
2020-01-15 23:11:25 - Initializing Spring FrameworkServlet 'dispatcherServlet'
2020-01-15 23:11:25 - FrameworkServlet 'dispatcherServlet': initialization started
2020-01-15 23:11:25 - FrameworkServlet 'dispatcherServlet': initialization completed in 23 ms
