2020-01-25 02:28:21 - Starting App on DESKTOP-T7EOC95 with PID 23480 (C:\Springlibrary\springLibrary\server\target\classes started by haiam in C:\Springlibrary\springLibrary)
2020-01-25 02:28:21 - No active profile set, falling back to default profiles: default
2020-01-25 02:28:21 - Refreshing org.springframework.boot.web.servlet.context.AnnotationConfigServletWebServerApplicationContext@292edacc: startup date [Sat Jan 25 02:28:21 EET 2020]; root of context hierarchy
2020-01-25 02:28:22 - Bean 'org.springframework.amqp.rabbit.annotation.RabbitBootstrapConfiguration' of type [org.springframework.amqp.rabbit.annotation.RabbitBootstrapConfiguration$$EnhancerBySpringCGLIB$$a462605c] is not eligible for getting processed by all BeanPostProcessors (for example: not eligible for auto-proxying)
2020-01-25 02:28:22 - Bean 'org.springframework.transaction.annotation.ProxyTransactionManagementConfiguration' of type [org.springframework.transaction.annotation.ProxyTransactionManagementConfiguration$$EnhancerBySpringCGLIB$$ddf6a22e] is not eligible for getting processed by all BeanPostProcessors (for example: not eligible for auto-proxying)
2020-01-25 02:28:23 - Tomcat initialized with port(s): 8080 (http)
2020-01-25 02:28:23 - Initializing ProtocolHandler ["http-nio-8080"]
2020-01-25 02:28:23 - Starting service [Tomcat]
2020-01-25 02:28:23 - Starting Servlet Engine: Apache Tomcat/8.5.28
2020-01-25 02:28:23 - The APR based Apache Tomcat Native library which allows optimal performance in production environments was not found on the java.library.path: [C:\Program Files\Java\jdk1.8.0_171\bin;C:\WINDOWS\Sun\Java\bin;C:\WINDOWS\system32;C:\WINDOWS;C:\Program Files\Docker\Docker\Resources\bin;C:\Program Files (x86)\Common Files\Oracle\Java\javapath;C:\WINDOWS\system32;C:\WINDOWS;C:\WINDOWS\System32\Wbem;C:\WINDOWS\System32\WindowsPowerShell\v1.0\;C:\Program Files\Java\jdk1.8.0_171\bin;C:\maven\bin;C:\maven\bin;C:\Program Files\Git\cmd;C:\Program Files\nodejs\;C:\WINDOWS\System32\OpenSSH\;C:\PostgreSQL\pg10\bin;C:\Program Files (x86)\QuickTime\QTSystem\;C:\Users\haiam\AppData\Local\Programs\Python\Python37-32\Scripts\;C:\Users\haiam\AppData\Local\Programs\Python\Python37-32\;C:\Users\haiam\AppData\Local\Microsoft\WindowsApps;C:\Program Files\Microsoft VS Code\bin;C:\Users\haiam\AppData\Roaming\npm;C:\Users\haiam\AppData\Local\GitHubDesktop\bin;C:\Users\haiam\AppData\Local\Microsoft\WindowsApps;;C:\Program Files\Docker Toolbox;.]
2020-01-25 02:28:23 - Initializing Spring embedded WebApplicationContext
2020-01-25 02:28:23 - Root WebApplicationContext: initialization completed in 1735 ms
2020-01-25 02:28:23 - Servlet dispatcherServlet mapped to [/]
2020-01-25 02:28:23 - Mapping filter: 'characterEncodingFilter' to: [/*]
2020-01-25 02:28:23 - Mapping filter: 'hiddenHttpMethodFilter' to: [/*]
2020-01-25 02:28:23 - Mapping filter: 'httpPutFormContentFilter' to: [/*]
2020-01-25 02:28:23 - Mapping filter: 'requestContextFilter' to: [/*]
2020-01-25 02:28:23 - HikariPool-1 - Starting...
2020-01-25 02:28:23 - HikariPool-1 - Start completed.
2020-01-25 02:28:23 - Building JPA container EntityManagerFactory for persistence unit 'default'
2020-01-25 02:28:23 - HHH000204: Processing PersistenceUnitInfo [
	name: default
	...]
2020-01-25 02:28:23 - HHH000412: Hibernate Core {5.2.10.Final}
2020-01-25 02:28:23 - HHH000206: hibernate.properties not found
2020-01-25 02:28:23 - HCANN000001: Hibernate Commons Annotations {5.0.1.Final}
2020-01-25 02:28:24 - HHH000400: Using dialect: org.hibernate.dialect.MySQL5Dialect
2020-01-25 02:28:25 - Initialized JPA EntityManagerFactory for persistence unit 'default'
2020-01-25 02:28:25 - HHH000397: Using ASTQueryTranslatorFactory
2020-01-25 02:28:26 - Looking for @ControllerAdvice: org.springframework.boot.web.servlet.context.AnnotationConfigServletWebServerApplicationContext@292edacc: startup date [Sat Jan 25 02:28:21 EET 2020]; root of context hierarchy
2020-01-25 02:28:26 - spring.jpa.open-in-view is enabled by default. Therefore, database queries may be performed during view rendering. Explicitly configure spring.jpa.open-in-view to disable this warning
2020-01-25 02:28:26 - Mapped "{[/author/delete],methods=[POST]}" onto public org.springframework.http.ResponseEntity<?> springLibrary.controller.AuthorController.delete(springLibrary.model.request.AuthorRequest)
2020-01-25 02:28:26 - Mapped "{[/addauthor/save],methods=[POST]}" onto org.springframework.http.ResponseEntity<?> springLibrary.controller.AuthorController.save(springLibrary.model.request.AuthorRequest)
2020-01-25 02:28:26 - Mapped "{[/authors],methods=[GET]}" onto public org.springframework.http.ResponseEntity<java.util.List<springLibrary.model.response.AuthorResponse>> springLibrary.controller.AuthorController.authors()
2020-01-25 02:28:26 - Mapped "{[/getbybook/{id}],methods=[GET]}" onto public java.util.List<springLibrary.model.response.AuthorResponse> springLibrary.controller.AuthorController.getAuthorsByBook(java.lang.Long)
2020-01-25 02:28:26 - Mapped "{[/author/findbyname],methods=[GET]}" onto public java.util.List<springLibrary.model.response.AuthorResponse> springLibrary.controller.AuthorController.getAuthorsByName(java.lang.String)
2020-01-25 02:28:26 - Mapped "{[/author/{id}],methods=[GET]}" onto public org.springframework.http.ResponseEntity<?> springLibrary.controller.AuthorController.getAuthorById(java.lang.Long)
2020-01-25 02:28:26 - Mapped "{[/author/findbycharacter],methods=[GET]}" onto public java.util.List<springLibrary.model.response.AuthorResponse> springLibrary.controller.AuthorController.getAuthorByCharacter(java.lang.String)
2020-01-25 02:28:26 - Mapped "{[/book/delete],methods=[POST]}" onto public org.springframework.http.ResponseEntity<?> springLibrary.controller.BookController.delete(springLibrary.model.request.BookRequest)
2020-01-25 02:28:26 - Mapped "{[/books/save],methods=[POST]}" onto public org.springframework.http.ResponseEntity<?> springLibrary.controller.BookController.save(springLibrary.model.request.BookRequest)
2020-01-25 02:28:26 - Mapped "{[/books/{id}],methods=[GET]}" onto public org.springframework.http.ResponseEntity<?> springLibrary.controller.BookController.configure(java.lang.Long)
2020-01-25 02:28:26 - Mapped "{[/getbyauthor/{id}],methods=[GET]}" onto public java.util.List<springLibrary.model.response.BookResponse> springLibrary.controller.BookController.getBooksByAuthor(java.lang.Long)
2020-01-25 02:28:26 - Mapped "{[/books],methods=[GET]}" onto public org.springframework.http.ResponseEntity<java.util.List<springLibrary.model.response.BookResponse>> springLibrary.controller.BookController.books()
2020-01-25 02:28:26 - Mapped "{[/getbygenre/{id}],methods=[GET]}" onto public java.util.List<springLibrary.model.response.BookResponse> springLibrary.controller.BookController.findByGenreBooks(java.lang.Long)
2020-01-25 02:28:26 - Mapped "{[/book/findbyname],methods=[GET]}" onto public java.util.List<springLibrary.entities.Book> springLibrary.controller.BookController.getBookByName()
2020-01-25 02:28:26 - Mapped "{[/book/findbycriteria],methods=[POST]}" onto public org.springframework.http.ResponseEntity<java.util.List<springLibrary.model.response.BookResponse>> springLibrary.controller.BookController.findBooks(springLibrary.model.request.CriteriaRequest)
2020-01-25 02:28:26 - Mapped "{[/book/findbycharacter],methods=[GET]}" onto public java.util.List<springLibrary.model.response.BookResponse> springLibrary.controller.BookController.getBookByCharacter(java.lang.String)
2020-01-25 02:28:26 - Mapped "{[/getbypublisher/{id}],methods=[GET]}" onto public java.util.List<springLibrary.model.response.BookResponse> springLibrary.controller.BookController.getBooksByPublisher(java.lang.Long)
2020-01-25 02:28:26 - Mapped "{[/genre/delete],methods=[POST]}" onto public org.springframework.http.ResponseEntity<?> springLibrary.controller.GenreController.delete(springLibrary.model.request.GenreRequest)
2020-01-25 02:28:26 - Mapped "{[/addgenre/save],methods=[POST]}" onto org.springframework.http.ResponseEntity<?> springLibrary.controller.GenreController.save(springLibrary.model.request.GenreRequest)
2020-01-25 02:28:26 - Mapped "{[/genre/{id}],methods=[GET]}" onto public org.springframework.http.ResponseEntity<?> springLibrary.controller.GenreController.configure(java.lang.Long)
2020-01-25 02:28:26 - Mapped "{[/booksbygenres],methods=[GET]}" onto public org.springframework.http.ResponseEntity<java.util.List<springLibrary.model.response.GenreResponse>> springLibrary.controller.GenreController.genres()
2020-01-25 02:28:26 - Mapped "{[/publisher/delete],methods=[POST]}" onto public org.springframework.http.ResponseEntity<?> springLibrary.controller.PublisherController.delete(springLibrary.model.request.PublisherRequest)
2020-01-25 02:28:26 - Mapped "{[/addpublisher/save],methods=[POST]}" onto org.springframework.http.ResponseEntity<?> springLibrary.controller.PublisherController.save(springLibrary.model.request.PublisherRequest)
2020-01-25 02:28:26 - Mapped "{[/publisher/{id}],methods=[GET]}" onto public org.springframework.http.ResponseEntity<?> springLibrary.controller.PublisherController.configure(java.lang.Long)
2020-01-25 02:28:26 - Mapped "{[/publisher/findbycriteria],methods=[POST]}" onto public org.springframework.http.ResponseEntity<java.util.List<springLibrary.model.response.PublisherResponse>> springLibrary.controller.PublisherController.findPublishers(springLibrary.model.request.PublisherSearchCreateria)
2020-01-25 02:28:26 - Mapped "{[/booksbypublisher],methods=[GET]}" onto public org.springframework.http.ResponseEntity<java.util.List<springLibrary.model.response.PublisherResponse>> springLibrary.controller.PublisherController.publishers()
2020-01-25 02:28:26 - Mapped "{[/publisher/findbycharacter],methods=[GET]}" onto public java.util.List<springLibrary.model.response.PublisherResponse> springLibrary.controller.PublisherController.getPublisherByCharacter(java.lang.String)
2020-01-25 02:28:26 - Mapped "{[/error]}" onto public org.springframework.http.ResponseEntity<java.util.Map<java.lang.String, java.lang.Object>> org.springframework.boot.autoconfigure.web.servlet.error.BasicErrorController.error(javax.servlet.http.HttpServletRequest)
2020-01-25 02:28:26 - Mapped "{[/error],produces=[text/html]}" onto public org.springframework.web.servlet.ModelAndView org.springframework.boot.autoconfigure.web.servlet.error.BasicErrorController.errorHtml(javax.servlet.http.HttpServletRequest,javax.servlet.http.HttpServletResponse)
2020-01-25 02:28:26 - Mapped URL path [/webjars/**] onto handler of type [class org.springframework.web.servlet.resource.ResourceHttpRequestHandler]
2020-01-25 02:28:26 - Mapped URL path [/**] onto handler of type [class org.springframework.web.servlet.resource.ResourceHttpRequestHandler]
2020-01-25 02:28:26 - Mapped URL path [/**/favicon.ico] onto handler of type [class org.springframework.web.servlet.resource.ResourceHttpRequestHandler]
2020-01-25 02:28:26 - Cannot find template location: classpath:/templates/ (please add some templates or check your Thymeleaf configuration)
2020-01-25 02:28:26 - SpringTemplateLoader for FreeMarker: using resource loader [org.springframework.boot.web.servlet.context.AnnotationConfigServletWebServerApplicationContext@292edacc: startup date [Sat Jan 25 02:28:21 EET 2020]; root of context hierarchy] and template loader path [classpath:/templates/]
2020-01-25 02:28:26 - ClassTemplateLoader for Spring macros added to FreeMarker configuration
2020-01-25 02:28:26 - Cannot find template location(s): [classpath:/templates/] (please add some templates, check your FreeMarker configuration, or set spring.freemarker.checkTemplateLocation=false)
2020-01-25 02:28:26 - LiveReload server is running on port 35729
2020-01-25 02:28:26 - Registering beans for JMX exposure on startup
2020-01-25 02:28:26 - Bean with name 'dataSource' has been autodetected for JMX exposure
2020-01-25 02:28:26 - Bean with name 'rabbitConnectionFactory' has been autodetected for JMX exposure
2020-01-25 02:28:26 - Located MBean 'dataSource': registering with JMX server as MBean [com.zaxxer.hikari:name=dataSource,type=HikariDataSource]
2020-01-25 02:28:26 - Located managed bean 'rabbitConnectionFactory': registering with JMX server as MBean [org.springframework.amqp.rabbit.connection:name=rabbitConnectionFactory,type=CachingConnectionFactory]
2020-01-25 02:28:26 - Starting beans in phase 2147483647
2020-01-25 02:28:26 - Starting ProtocolHandler ["http-nio-8080"]
2020-01-25 02:28:26 - Using a shared selector for servlet write/read
2020-01-25 02:28:26 - Tomcat started on port(s): 8080 (http) with context path ''
2020-01-25 02:28:26 - Started App in 5.836 seconds (JVM running for 7.737)
2020-01-25 02:29:03 - Initializing Spring FrameworkServlet 'dispatcherServlet'
2020-01-25 02:29:03 - FrameworkServlet 'dispatcherServlet': initialization started
2020-01-25 02:29:03 - FrameworkServlet 'dispatcherServlet': initialization completed in 24 ms
2020-01-25 02:52:50 - ==============why are you not working ======================== 
2020-01-25 02:53:06 - ==============why are you not working ======================== 
2020-01-25 11:28:18 - Starting App on DESKTOP-T7EOC95 with PID 26604 (C:\Springlibrary\springLibrary\server\target\classes started by haiam in C:\Springlibrary\springLibrary)
2020-01-25 11:28:18 - No active profile set, falling back to default profiles: default
2020-01-25 11:28:18 - Refreshing org.springframework.boot.web.servlet.context.AnnotationConfigServletWebServerApplicationContext@6a402274: startup date [Sat Jan 25 11:28:18 EET 2020]; root of context hierarchy
2020-01-25 11:28:19 - Bean 'org.springframework.amqp.rabbit.annotation.RabbitBootstrapConfiguration' of type [org.springframework.amqp.rabbit.annotation.RabbitBootstrapConfiguration$$EnhancerBySpringCGLIB$$1f97426b] is not eligible for getting processed by all BeanPostProcessors (for example: not eligible for auto-proxying)
2020-01-25 11:28:19 - Bean 'org.springframework.transaction.annotation.ProxyTransactionManagementConfiguration' of type [org.springframework.transaction.annotation.ProxyTransactionManagementConfiguration$$EnhancerBySpringCGLIB$$592b843d] is not eligible for getting processed by all BeanPostProcessors (for example: not eligible for auto-proxying)
2020-01-25 11:28:19 - Tomcat initialized with port(s): 8080 (http)
2020-01-25 11:28:19 - Initializing ProtocolHandler ["http-nio-8080"]
2020-01-25 11:28:19 - Starting service [Tomcat]
2020-01-25 11:28:19 - Starting Servlet Engine: Apache Tomcat/8.5.28
2020-01-25 11:28:19 - The APR based Apache Tomcat Native library which allows optimal performance in production environments was not found on the java.library.path: [C:\Program Files\Java\jdk1.8.0_171\bin;C:\WINDOWS\Sun\Java\bin;C:\WINDOWS\system32;C:\WINDOWS;C:\Program Files\Docker\Docker\Resources\bin;C:\Program Files (x86)\Common Files\Oracle\Java\javapath;C:\WINDOWS\system32;C:\WINDOWS;C:\WINDOWS\System32\Wbem;C:\WINDOWS\System32\WindowsPowerShell\v1.0\;C:\Program Files\Java\jdk1.8.0_171\bin;C:\maven\bin;C:\maven\bin;C:\Program Files\Git\cmd;C:\Program Files\nodejs\;C:\WINDOWS\System32\OpenSSH\;C:\PostgreSQL\pg10\bin;C:\Program Files (x86)\QuickTime\QTSystem\;C:\Users\haiam\AppData\Local\Programs\Python\Python37-32\Scripts\;C:\Users\haiam\AppData\Local\Programs\Python\Python37-32\;C:\Users\haiam\AppData\Local\Microsoft\WindowsApps;C:\Program Files\Microsoft VS Code\bin;C:\Users\haiam\AppData\Roaming\npm;C:\Users\haiam\AppData\Local\GitHubDesktop\bin;C:\Users\haiam\AppData\Local\Microsoft\WindowsApps;;C:\Program Files\Docker Toolbox;.]
2020-01-25 11:28:19 - Initializing Spring embedded WebApplicationContext
2020-01-25 11:28:19 - Root WebApplicationContext: initialization completed in 1667 ms
2020-01-25 11:28:19 - Servlet dispatcherServlet mapped to [/]
2020-01-25 11:28:19 - Mapping filter: 'characterEncodingFilter' to: [/*]
2020-01-25 11:28:19 - Mapping filter: 'hiddenHttpMethodFilter' to: [/*]
2020-01-25 11:28:19 - Mapping filter: 'httpPutFormContentFilter' to: [/*]
2020-01-25 11:28:19 - Mapping filter: 'requestContextFilter' to: [/*]
2020-01-25 11:28:20 - HikariPool-1 - Starting...
2020-01-25 11:28:21 - HikariPool-1 - Start completed.
2020-01-25 11:28:21 - Building JPA container EntityManagerFactory for persistence unit 'default'
2020-01-25 11:28:21 - HHH000204: Processing PersistenceUnitInfo [
	name: default
	...]
2020-01-25 11:28:21 - HHH000412: Hibernate Core {5.2.10.Final}
2020-01-25 11:28:21 - HHH000206: hibernate.properties not found
2020-01-25 11:28:21 - HCANN000001: Hibernate Commons Annotations {5.0.1.Final}
2020-01-25 11:28:22 - HHH000400: Using dialect: org.hibernate.dialect.MySQL5Dialect
2020-01-25 11:28:22 - Initialized JPA EntityManagerFactory for persistence unit 'default'
2020-01-25 11:28:23 - HHH000397: Using ASTQueryTranslatorFactory
2020-01-25 11:28:23 - Looking for @ControllerAdvice: org.springframework.boot.web.servlet.context.AnnotationConfigServletWebServerApplicationContext@6a402274: startup date [Sat Jan 25 11:28:18 EET 2020]; root of context hierarchy
2020-01-25 11:28:23 - spring.jpa.open-in-view is enabled by default. Therefore, database queries may be performed during view rendering. Explicitly configure spring.jpa.open-in-view to disable this warning
2020-01-25 11:28:23 - Mapped "{[/author/delete],methods=[POST]}" onto public org.springframework.http.ResponseEntity<?> springLibrary.controller.AuthorController.delete(springLibrary.model.request.AuthorRequest)
2020-01-25 11:28:23 - Mapped "{[/addauthor/save],methods=[POST]}" onto org.springframework.http.ResponseEntity<?> springLibrary.controller.AuthorController.save(springLibrary.model.request.AuthorRequest)
2020-01-25 11:28:23 - Mapped "{[/author/findbycharacter],methods=[GET]}" onto public java.util.List<springLibrary.model.response.AuthorResponse> springLibrary.controller.AuthorController.getAuthorByCharacter(java.lang.String)
2020-01-25 11:28:23 - Mapped "{[/getbybook/{id}],methods=[GET]}" onto public java.util.List<springLibrary.model.response.AuthorResponse> springLibrary.controller.AuthorController.getAuthorsByBook(java.lang.Long)
2020-01-25 11:28:23 - Mapped "{[/author/{id}],methods=[GET]}" onto public org.springframework.http.ResponseEntity<?> springLibrary.controller.AuthorController.getAuthorById(java.lang.Long)
2020-01-25 11:28:23 - Mapped "{[/authors],methods=[GET]}" onto public org.springframework.http.ResponseEntity<java.util.List<springLibrary.model.response.AuthorResponse>> springLibrary.controller.AuthorController.authors()
2020-01-25 11:28:23 - Mapped "{[/author/findbyname],methods=[GET]}" onto public java.util.List<springLibrary.model.response.AuthorResponse> springLibrary.controller.AuthorController.getAuthorsByName(java.lang.String)
2020-01-25 11:28:23 - Mapped "{[/book/delete],methods=[POST]}" onto public org.springframework.http.ResponseEntity<?> springLibrary.controller.BookController.delete(springLibrary.model.request.BookRequest)
2020-01-25 11:28:23 - Mapped "{[/books/save],methods=[POST]}" onto public org.springframework.http.ResponseEntity<?> springLibrary.controller.BookController.save(springLibrary.model.request.BookRequest)
2020-01-25 11:28:23 - Mapped "{[/books/{id}],methods=[GET]}" onto public org.springframework.http.ResponseEntity<?> springLibrary.controller.BookController.configure(java.lang.Long)
2020-01-25 11:28:23 - Mapped "{[/book/findbycharacter],methods=[GET]}" onto public java.util.List<springLibrary.model.response.BookResponse> springLibrary.controller.BookController.getBookByCharacter(java.lang.String)
2020-01-25 11:28:23 - Mapped "{[/getbypublisher/{id}],methods=[GET]}" onto public java.util.List<springLibrary.model.response.BookResponse> springLibrary.controller.BookController.getBooksByPublisher(java.lang.Long)
2020-01-25 11:28:23 - Mapped "{[/books],methods=[GET]}" onto public org.springframework.http.ResponseEntity<java.util.List<springLibrary.model.response.BookResponse>> springLibrary.controller.BookController.books()
2020-01-25 11:28:23 - Mapped "{[/book/findbycriteria],methods=[POST]}" onto public org.springframework.http.ResponseEntity<java.util.List<springLibrary.model.response.BookResponse>> springLibrary.controller.BookController.findBooks(springLibrary.model.request.CriteriaRequest)
2020-01-25 11:28:23 - Mapped "{[/getbygenre/{id}],methods=[GET]}" onto public java.util.List<springLibrary.model.response.BookResponse> springLibrary.controller.BookController.findByGenreBooks(java.lang.Long)
2020-01-25 11:28:23 - Mapped "{[/getbyauthor/{id}],methods=[GET]}" onto public java.util.List<springLibrary.model.response.BookResponse> springLibrary.controller.BookController.getBooksByAuthor(java.lang.Long)
2020-01-25 11:28:23 - Mapped "{[/book/findbyname],methods=[GET]}" onto public java.util.List<springLibrary.entities.Book> springLibrary.controller.BookController.getBookByName()
2020-01-25 11:28:23 - Mapped "{[/genre/delete],methods=[POST]}" onto public org.springframework.http.ResponseEntity<?> springLibrary.controller.GenreController.delete(springLibrary.model.request.GenreRequest)
2020-01-25 11:28:23 - Mapped "{[/addgenre/save],methods=[POST]}" onto org.springframework.http.ResponseEntity<?> springLibrary.controller.GenreController.save(springLibrary.model.request.GenreRequest)
2020-01-25 11:28:23 - Mapped "{[/genre/{id}],methods=[GET]}" onto public org.springframework.http.ResponseEntity<?> springLibrary.controller.GenreController.configure(java.lang.Long)
2020-01-25 11:28:23 - Mapped "{[/booksbygenres],methods=[GET]}" onto public org.springframework.http.ResponseEntity<java.util.List<springLibrary.model.response.GenreResponse>> springLibrary.controller.GenreController.genres()
2020-01-25 11:28:23 - Mapped "{[/publisher/delete],methods=[POST]}" onto public org.springframework.http.ResponseEntity<?> springLibrary.controller.PublisherController.delete(springLibrary.model.request.PublisherRequest)
2020-01-25 11:28:23 - Mapped "{[/addpublisher/save],methods=[POST]}" onto org.springframework.http.ResponseEntity<?> springLibrary.controller.PublisherController.save(springLibrary.model.request.PublisherRequest)
2020-01-25 11:28:23 - Mapped "{[/publisher/{id}],methods=[GET]}" onto public org.springframework.http.ResponseEntity<?> springLibrary.controller.PublisherController.configure(java.lang.Long)
2020-01-25 11:28:23 - Mapped "{[/publisher/findbycharacter],methods=[GET]}" onto public java.util.List<springLibrary.model.response.PublisherResponse> springLibrary.controller.PublisherController.getPublisherByCharacter(java.lang.String)
2020-01-25 11:28:23 - Mapped "{[/publisher/findbycriteria],methods=[POST]}" onto public org.springframework.http.ResponseEntity<java.util.List<springLibrary.model.response.PublisherResponse>> springLibrary.controller.PublisherController.findPublishers(springLibrary.model.request.PublisherSearchCreateria)
2020-01-25 11:28:23 - Mapped "{[/booksbypublisher],methods=[GET]}" onto public org.springframework.http.ResponseEntity<java.util.List<springLibrary.model.response.PublisherResponse>> springLibrary.controller.PublisherController.publishers()
2020-01-25 11:28:23 - Mapped "{[/error]}" onto public org.springframework.http.ResponseEntity<java.util.Map<java.lang.String, java.lang.Object>> org.springframework.boot.autoconfigure.web.servlet.error.BasicErrorController.error(javax.servlet.http.HttpServletRequest)
2020-01-25 11:28:23 - Mapped "{[/error],produces=[text/html]}" onto public org.springframework.web.servlet.ModelAndView org.springframework.boot.autoconfigure.web.servlet.error.BasicErrorController.errorHtml(javax.servlet.http.HttpServletRequest,javax.servlet.http.HttpServletResponse)
2020-01-25 11:28:23 - Mapped URL path [/webjars/**] onto handler of type [class org.springframework.web.servlet.resource.ResourceHttpRequestHandler]
2020-01-25 11:28:23 - Mapped URL path [/**] onto handler of type [class org.springframework.web.servlet.resource.ResourceHttpRequestHandler]
2020-01-25 11:28:23 - Mapped URL path [/**/favicon.ico] onto handler of type [class org.springframework.web.servlet.resource.ResourceHttpRequestHandler]
2020-01-25 11:28:23 - Cannot find template location: classpath:/templates/ (please add some templates or check your Thymeleaf configuration)
2020-01-25 11:28:24 - SpringTemplateLoader for FreeMarker: using resource loader [org.springframework.boot.web.servlet.context.AnnotationConfigServletWebServerApplicationContext@6a402274: startup date [Sat Jan 25 11:28:18 EET 2020]; root of context hierarchy] and template loader path [classpath:/templates/]
2020-01-25 11:28:24 - ClassTemplateLoader for Spring macros added to FreeMarker configuration
2020-01-25 11:28:24 - Cannot find template location(s): [classpath:/templates/] (please add some templates, check your FreeMarker configuration, or set spring.freemarker.checkTemplateLocation=false)
2020-01-25 11:28:24 - LiveReload server is running on port 35729
2020-01-25 11:28:24 - Registering beans for JMX exposure on startup
2020-01-25 11:28:24 - Bean with name 'dataSource' has been autodetected for JMX exposure
2020-01-25 11:28:24 - Bean with name 'rabbitConnectionFactory' has been autodetected for JMX exposure
2020-01-25 11:28:24 - Located MBean 'dataSource': registering with JMX server as MBean [com.zaxxer.hikari:name=dataSource,type=HikariDataSource]
2020-01-25 11:28:24 - Located managed bean 'rabbitConnectionFactory': registering with JMX server as MBean [org.springframework.amqp.rabbit.connection:name=rabbitConnectionFactory,type=CachingConnectionFactory]
2020-01-25 11:28:24 - Starting beans in phase 2147483647
2020-01-25 11:28:24 - Starting ProtocolHandler ["http-nio-8080"]
2020-01-25 11:28:24 - Using a shared selector for servlet write/read
2020-01-25 11:28:24 - Tomcat started on port(s): 8080 (http) with context path ''
2020-01-25 11:28:24 - Started App in 6.778 seconds (JVM running for 8.05)
2020-01-25 11:29:13 - Initializing Spring FrameworkServlet 'dispatcherServlet'
2020-01-25 11:29:13 - FrameworkServlet 'dispatcherServlet': initialization started
2020-01-25 11:29:13 - FrameworkServlet 'dispatcherServlet': initialization completed in 16 ms
2020-01-25 12:33:43 - publisherSearchCreateria.toString() = PublisherSearchCreateria{searchWord='Видавництво', findByCity=false}
2020-01-25 12:34:25 - publisherSearchCreateria.toString() = PublisherSearchCreateria{searchWord='Місто 4 редагування', findByCity=true}
2020-01-25 12:42:14 - ==============why are you not working ======================== 
2020-01-25 12:42:20 - ==============why are you not working ======================== 
2020-01-25 12:42:26 - ==============why are you not working ======================== 
2020-01-25 12:42:33 - ==============why are you not working ======================== 
2020-01-25 17:55:07 - Starting App on DESKTOP-T7EOC95 with PID 35444 (C:\Springlibrary\springLibrary\server\target\classes started by haiam in C:\Springlibrary\springLibrary)
2020-01-25 17:55:07 - No active profile set, falling back to default profiles: default
2020-01-25 17:55:07 - Refreshing org.springframework.boot.web.servlet.context.AnnotationConfigServletWebServerApplicationContext@332d0c76: startup date [Sat Jan 25 17:55:07 EET 2020]; root of context hierarchy
2020-01-25 17:55:09 - Bean 'org.springframework.amqp.rabbit.annotation.RabbitBootstrapConfiguration' of type [org.springframework.amqp.rabbit.annotation.RabbitBootstrapConfiguration$$EnhancerBySpringCGLIB$$604eb11b] is not eligible for getting processed by all BeanPostProcessors (for example: not eligible for auto-proxying)
2020-01-25 17:55:09 - Bean 'org.springframework.transaction.annotation.ProxyTransactionManagementConfiguration' of type [org.springframework.transaction.annotation.ProxyTransactionManagementConfiguration$$EnhancerBySpringCGLIB$$99e2f2ed] is not eligible for getting processed by all BeanPostProcessors (for example: not eligible for auto-proxying)
2020-01-25 17:55:09 - Tomcat initialized with port(s): 8080 (http)
2020-01-25 17:55:09 - Initializing ProtocolHandler ["http-nio-8080"]
2020-01-25 17:55:09 - Starting service [Tomcat]
2020-01-25 17:55:09 - Starting Servlet Engine: Apache Tomcat/8.5.28
2020-01-25 17:55:09 - The APR based Apache Tomcat Native library which allows optimal performance in production environments was not found on the java.library.path: [C:\Program Files\Java\jdk1.8.0_171\bin;C:\WINDOWS\Sun\Java\bin;C:\WINDOWS\system32;C:\WINDOWS;C:\Program Files\Docker\Docker\Resources\bin;C:\Program Files (x86)\Common Files\Oracle\Java\javapath;C:\WINDOWS\system32;C:\WINDOWS;C:\WINDOWS\System32\Wbem;C:\WINDOWS\System32\WindowsPowerShell\v1.0\;C:\Program Files\Java\jdk1.8.0_171\bin;C:\maven\bin;C:\maven\bin;C:\Program Files\Git\cmd;C:\Program Files\nodejs\;C:\WINDOWS\System32\OpenSSH\;C:\PostgreSQL\pg10\bin;C:\Program Files (x86)\QuickTime\QTSystem\;C:\Users\haiam\AppData\Local\Programs\Python\Python37-32\Scripts\;C:\Users\haiam\AppData\Local\Programs\Python\Python37-32\;C:\Users\haiam\AppData\Local\Microsoft\WindowsApps;C:\Program Files\Microsoft VS Code\bin;C:\Users\haiam\AppData\Roaming\npm;C:\Users\haiam\AppData\Local\GitHubDesktop\bin;C:\Users\haiam\AppData\Local\Microsoft\WindowsApps;;C:\Program Files\Docker Toolbox;.]
2020-01-25 17:55:09 - Initializing Spring embedded WebApplicationContext
2020-01-25 17:55:09 - Root WebApplicationContext: initialization completed in 1696 ms
2020-01-25 17:55:09 - Servlet dispatcherServlet mapped to [/]
2020-01-25 17:55:09 - Mapping filter: 'characterEncodingFilter' to: [/*]
2020-01-25 17:55:09 - Mapping filter: 'hiddenHttpMethodFilter' to: [/*]
2020-01-25 17:55:09 - Mapping filter: 'httpPutFormContentFilter' to: [/*]
2020-01-25 17:55:09 - Mapping filter: 'requestContextFilter' to: [/*]
2020-01-25 17:55:09 - HikariPool-1 - Starting...
2020-01-25 17:55:11 - HikariPool-1 - Start completed.
2020-01-25 17:55:11 - Building JPA container EntityManagerFactory for persistence unit 'default'
2020-01-25 17:55:11 - HHH000204: Processing PersistenceUnitInfo [
	name: default
	...]
2020-01-25 17:55:11 - HHH000412: Hibernate Core {5.2.10.Final}
2020-01-25 17:55:11 - HHH000206: hibernate.properties not found
2020-01-25 17:55:11 - HCANN000001: Hibernate Commons Annotations {5.0.1.Final}
2020-01-25 17:55:12 - HHH000400: Using dialect: org.hibernate.dialect.MySQL5Dialect
2020-01-25 17:55:12 - Initialized JPA EntityManagerFactory for persistence unit 'default'
2020-01-25 17:55:13 - HHH000397: Using ASTQueryTranslatorFactory
2020-01-25 17:55:13 - Looking for @ControllerAdvice: org.springframework.boot.web.servlet.context.AnnotationConfigServletWebServerApplicationContext@332d0c76: startup date [Sat Jan 25 17:55:07 EET 2020]; root of context hierarchy
2020-01-25 17:55:13 - spring.jpa.open-in-view is enabled by default. Therefore, database queries may be performed during view rendering. Explicitly configure spring.jpa.open-in-view to disable this warning
2020-01-25 17:55:13 - Mapped "{[/author/delete],methods=[POST]}" onto public org.springframework.http.ResponseEntity<?> springLibrary.controller.AuthorController.delete(springLibrary.model.request.AuthorRequest)
2020-01-25 17:55:13 - Mapped "{[/addauthor/save],methods=[POST]}" onto org.springframework.http.ResponseEntity<?> springLibrary.controller.AuthorController.save(springLibrary.model.request.AuthorRequest)
2020-01-25 17:55:13 - Mapped "{[/author/findbycharacter],methods=[GET]}" onto public java.util.List<springLibrary.model.response.AuthorResponse> springLibrary.controller.AuthorController.getAuthorByCharacter(java.lang.String)
2020-01-25 17:55:13 - Mapped "{[/authors],methods=[GET]}" onto public org.springframework.http.ResponseEntity<java.util.List<springLibrary.model.response.AuthorResponse>> springLibrary.controller.AuthorController.authors()
2020-01-25 17:55:13 - Mapped "{[/getbybook/{id}],methods=[GET]}" onto public java.util.List<springLibrary.model.response.AuthorResponse> springLibrary.controller.AuthorController.getAuthorsByBook(java.lang.Long)
2020-01-25 17:55:13 - Mapped "{[/author/findbyname],methods=[GET]}" onto public java.util.List<springLibrary.model.response.AuthorResponse> springLibrary.controller.AuthorController.getAuthorsByName(java.lang.String)
2020-01-25 17:55:13 - Mapped "{[/author/{id}],methods=[GET]}" onto public org.springframework.http.ResponseEntity<?> springLibrary.controller.AuthorController.getAuthorById(java.lang.Long)
2020-01-25 17:55:13 - Mapped "{[/book/delete],methods=[POST]}" onto public org.springframework.http.ResponseEntity<?> springLibrary.controller.BookController.delete(springLibrary.model.request.BookRequest)
2020-01-25 17:55:13 - Mapped "{[/books/save],methods=[POST]}" onto public org.springframework.http.ResponseEntity<?> springLibrary.controller.BookController.save(springLibrary.model.request.BookRequest)
2020-01-25 17:55:13 - Mapped "{[/books/{id}],methods=[GET]}" onto public org.springframework.http.ResponseEntity<?> springLibrary.controller.BookController.configure(java.lang.Long)
2020-01-25 17:55:13 - Mapped "{[/book/findbycharacter],methods=[GET]}" onto public java.util.List<springLibrary.model.response.BookResponse> springLibrary.controller.BookController.getBookByCharacter(java.lang.String)
2020-01-25 17:55:13 - Mapped "{[/getbypublisher/{id}],methods=[GET]}" onto public java.util.List<springLibrary.model.response.BookResponse> springLibrary.controller.BookController.getBooksByPublisher(java.lang.Long)
2020-01-25 17:55:13 - Mapped "{[/getbygenre/{id}],methods=[GET]}" onto public java.util.List<springLibrary.model.response.BookResponse> springLibrary.controller.BookController.findByGenreBooks(java.lang.Long)
2020-01-25 17:55:13 - Mapped "{[/books],methods=[GET]}" onto public org.springframework.http.ResponseEntity<java.util.List<springLibrary.model.response.BookResponse>> springLibrary.controller.BookController.books()
2020-01-25 17:55:13 - Mapped "{[/getbyauthor/{id}],methods=[GET]}" onto public java.util.List<springLibrary.model.response.BookResponse> springLibrary.controller.BookController.getBooksByAuthor(java.lang.Long)
2020-01-25 17:55:13 - Mapped "{[/book/findbyname],methods=[GET]}" onto public java.util.List<springLibrary.entities.Book> springLibrary.controller.BookController.getBookByName()
2020-01-25 17:55:13 - Mapped "{[/book/findbycriteria],methods=[POST]}" onto public org.springframework.http.ResponseEntity<java.util.List<springLibrary.model.response.BookResponse>> springLibrary.controller.BookController.findBooks(springLibrary.model.request.CriteriaRequest)
2020-01-25 17:55:13 - Mapped "{[/genre/delete],methods=[POST]}" onto public org.springframework.http.ResponseEntity<?> springLibrary.controller.GenreController.delete(springLibrary.model.request.GenreRequest)
2020-01-25 17:55:13 - Mapped "{[/addgenre/save],methods=[POST]}" onto org.springframework.http.ResponseEntity<?> springLibrary.controller.GenreController.save(springLibrary.model.request.GenreRequest)
2020-01-25 17:55:13 - Mapped "{[/genre/{id}],methods=[GET]}" onto public org.springframework.http.ResponseEntity<?> springLibrary.controller.GenreController.configure(java.lang.Long)
2020-01-25 17:55:13 - Mapped "{[/booksbygenres],methods=[GET]}" onto public org.springframework.http.ResponseEntity<java.util.List<springLibrary.model.response.GenreResponse>> springLibrary.controller.GenreController.genres()
2020-01-25 17:55:13 - Mapped "{[/publisher/delete],methods=[POST]}" onto public org.springframework.http.ResponseEntity<?> springLibrary.controller.PublisherController.delete(springLibrary.model.request.PublisherRequest)
2020-01-25 17:55:13 - Mapped "{[/addpublisher/save],methods=[POST]}" onto org.springframework.http.ResponseEntity<?> springLibrary.controller.PublisherController.save(springLibrary.model.request.PublisherRequest)
2020-01-25 17:55:13 - Mapped "{[/publisher/{id}],methods=[GET]}" onto public org.springframework.http.ResponseEntity<?> springLibrary.controller.PublisherController.configure(java.lang.Long)
2020-01-25 17:55:13 - Mapped "{[/publisher/findbycharacter],methods=[GET]}" onto public java.util.List<springLibrary.model.response.PublisherResponse> springLibrary.controller.PublisherController.getPublisherByCharacter(java.lang.String)
2020-01-25 17:55:13 - Mapped "{[/publisher/findbycriteria],methods=[POST]}" onto public org.springframework.http.ResponseEntity<java.util.List<springLibrary.model.response.PublisherResponse>> springLibrary.controller.PublisherController.findPublishers(springLibrary.model.request.PublisherSearchCreateria)
2020-01-25 17:55:13 - Mapped "{[/booksbypublisher],methods=[GET]}" onto public org.springframework.http.ResponseEntity<java.util.List<springLibrary.model.response.PublisherResponse>> springLibrary.controller.PublisherController.publishers()
2020-01-25 17:55:13 - Mapped "{[/error]}" onto public org.springframework.http.ResponseEntity<java.util.Map<java.lang.String, java.lang.Object>> org.springframework.boot.autoconfigure.web.servlet.error.BasicErrorController.error(javax.servlet.http.HttpServletRequest)
2020-01-25 17:55:13 - Mapped "{[/error],produces=[text/html]}" onto public org.springframework.web.servlet.ModelAndView org.springframework.boot.autoconfigure.web.servlet.error.BasicErrorController.errorHtml(javax.servlet.http.HttpServletRequest,javax.servlet.http.HttpServletResponse)
2020-01-25 17:55:13 - Mapped URL path [/webjars/**] onto handler of type [class org.springframework.web.servlet.resource.ResourceHttpRequestHandler]
2020-01-25 17:55:13 - Mapped URL path [/**] onto handler of type [class org.springframework.web.servlet.resource.ResourceHttpRequestHandler]
2020-01-25 17:55:13 - Mapped URL path [/**/favicon.ico] onto handler of type [class org.springframework.web.servlet.resource.ResourceHttpRequestHandler]
2020-01-25 17:55:13 - Cannot find template location: classpath:/templates/ (please add some templates or check your Thymeleaf configuration)
2020-01-25 17:55:14 - SpringTemplateLoader for FreeMarker: using resource loader [org.springframework.boot.web.servlet.context.AnnotationConfigServletWebServerApplicationContext@332d0c76: startup date [Sat Jan 25 17:55:07 EET 2020]; root of context hierarchy] and template loader path [classpath:/templates/]
2020-01-25 17:55:14 - ClassTemplateLoader for Spring macros added to FreeMarker configuration
2020-01-25 17:55:14 - Cannot find template location(s): [classpath:/templates/] (please add some templates, check your FreeMarker configuration, or set spring.freemarker.checkTemplateLocation=false)
2020-01-25 17:55:14 - LiveReload server is running on port 35729
2020-01-25 17:55:14 - Registering beans for JMX exposure on startup
2020-01-25 17:55:14 - Bean with name 'dataSource' has been autodetected for JMX exposure
2020-01-25 17:55:14 - Bean with name 'rabbitConnectionFactory' has been autodetected for JMX exposure
2020-01-25 17:55:14 - Located MBean 'dataSource': registering with JMX server as MBean [com.zaxxer.hikari:name=dataSource,type=HikariDataSource]
2020-01-25 17:55:14 - Located managed bean 'rabbitConnectionFactory': registering with JMX server as MBean [org.springframework.amqp.rabbit.connection:name=rabbitConnectionFactory,type=CachingConnectionFactory]
2020-01-25 17:55:14 - Starting beans in phase 2147483647
2020-01-25 17:55:14 - Starting ProtocolHandler ["http-nio-8080"]
2020-01-25 17:55:14 - Using a shared selector for servlet write/read
2020-01-25 17:55:14 - Tomcat started on port(s): 8080 (http) with context path ''
2020-01-25 17:55:14 - Started App in 6.702 seconds (JVM running for 8.544)
2020-01-25 17:56:15 - Initializing Spring FrameworkServlet 'dispatcherServlet'
2020-01-25 17:56:15 - FrameworkServlet 'dispatcherServlet': initialization started
2020-01-25 17:56:15 - FrameworkServlet 'dispatcherServlet': initialization completed in 17 ms
2020-01-25 22:08:30 - HikariPool-1 - Thread starvation or clock leap detected (housekeeper delta=2m49s1ms888µs100ns).
